Oct 28 11:12 : player: played "Haaland Ha Ha Ha.mp3"
Oct 28 16:03 : player: played "Haaland Ha Ha Ha.mp3"
Oct 28 16:09 : player: played "Haaland Ha Ha Ha.mp3"
Oct 28 16:12 : player: played "Haaland Ha Ha Ha.mp3"
Oct 28 16:19 : player: played "Unstoppable - Sia.mp3"
Oct 28 16:23 : player: played "Unstoppable - Sia.mp3"
Oct 28 16:29 : player: played "YouAreMyLove_My Life.mp3"
Oct 28 16:34 : player: played "YouAreMyLove_My Life.mp3"
Oct 28 16:38 : player: played "YouAreMyLove_My Life.mp3"
Oct 28 16:47 : player: played "YouAreMyLove_My Life.mp3"
Oct 28 16:52 : player: played "YouAreMyLove_My Life.mp3"
Oct 28 16:56 : player: played "YouAreMyLove_My Life.mp3"
Oct 28 17:01 : player: played "YouAreMyLove_My Life.mp3"
Oct 28 17:05 : player: played "YouAreMyLove_My Life.mp3"
Oct 28 17:10 : player: played "YouAreMyLove_My Life.mp3"
Oct 28 17:17 : player: played "Solo - RiveR  .mp3"
Oct 28 17:21 : player: played "Solo - RiveR  .mp3"
Oct 28 17:25 : player: played "Solo - RiveR  .mp3"
Oct 28 17:29 : player: played "Solo - RiveR  .mp3"
Oct 28 17:32 : player: played "Solo - RiveR  .mp3"
Oct 28 17:36 : player: played "Solo - RiveR  .mp3"
Oct 28 17:40 : player: played "Solo - RiveR  .mp3"
Oct 28 17:44 : player: played "Solo - RiveR  .mp3"
Oct 28 17:48 : player: played "Solo - RiveR  .mp3"
Oct 28 19:51 : player: played "Solo - RiveR  .mp3"
Oct 28 19:55 : player: played "Solo - RiveR  .mp3"
Oct 28 19:59 : player: played "Solo - RiveR  .mp3"
Oct 28 20:03 : player: played "Solo - RiveR  .mp3"
Oct 28 21:52 : player: played "Solo - RiveR  .mp3"
Oct 29 13:54 : player: played "Solo - RiveR  .mp3"
Oct 29 17:47 : player: played "Haaland Ha Ha Ha.mp3"
Oct 29 17:57 : player: played "Haaland Ha Ha Ha.mp3"
Oct 29 18:00 : player: played "Haaland Ha Ha Ha.mp3"
Oct 29 18:03 : player: played "Haaland Ha Ha Ha.mp3"
Oct 29 18:06 : player: played "Haaland Ha Ha Ha.mp3"
Oct 29 18:09 : player: played "Haaland Ha Ha Ha.mp3"
Oct 29 18:12 : player: played "Haaland Ha Ha Ha.mp3"
Oct 29 18:13 : player: played "Haaland Ha Ha Ha.mp3"
Oct 29 18:16 : player: played "Haaland Ha Ha Ha.mp3"
Oct 29 18:19 : player: played "Haaland Ha Ha Ha.mp3"
Oct 29 18:20 : player: played "Haaland Ha Ha Ha.mp3"
Oct 29 19:29 : player: played "Haaland Ha Ha Ha.mp3"
Oct 29 23:06 : player: played "Haaland Ha Ha Ha.mp3"
WARNING: Unhandled message: interface=org.freedesktop.DBus, path=/org/freedesktop/DBus, member=ActivatableServicesChanged
WARNING: Unhandled message: interface=org.freedesktop.DBus, path=/org/freedesktop/DBus, member=ActivatableServicesChanged
WARNING: Unhandled message: interface=org.freedesktop.DBus, path=/org/freedesktop/DBus, member=ActivatableServicesChanged
WARNING: Unhandled message: interface=org.freedesktop.DBus, path=/org/freedesktop/DBus, member=ActivatableServicesChanged
WARNING: Unhandled message: interface=org.freedesktop.DBus, path=/org/freedesktop/DBus, member=ActivatableServicesChanged
Oct 30 11:57 : player: played "Haaland Ha Ha Ha.mp3"
Oct 30 12:04 : player: played "Haaland Ha Ha Ha.mp3"
Oct 30 18:00 : player: played "Haaland Ha Ha Ha.mp3"
Oct 31 07:13 : player: played "Haaland Ha Ha Ha.mp3"
Oct 31 07:21 : player: played "Haaland Ha Ha Ha.mp3"
Oct 31 07:24 : player: played "Haaland Ha Ha Ha.mp3"
Oct 31 07:27 : player: played "Haaland Ha Ha Ha.mp3"
Oct 31 07:30 : player: played "Haaland Ha Ha Ha.mp3"
Oct 31 07:33 : player: played "Haaland Ha Ha Ha.mp3"
Oct 31 07:37 : player: played "Haaland Ha Ha Ha.mp3"
Oct 31 07:40 : player: played "Haaland Ha Ha Ha.mp3"
Oct 31 07:43 : player: played "Haaland Ha Ha Ha.mp3"
Oct 31 10:02 : player: played "Haaland Ha Ha Ha.mp3"
Oct 31 11:02 : player: played "Haaland Ha Ha Ha.mp3"
Oct 31 11:06 : player: played "Haaland Ha Ha Ha.mp3"
Oct 31 11:09 : player: played "Haaland Ha Ha Ha.mp3"
Oct 31 11:12 : player: played "Haaland Ha Ha Ha.mp3"
Oct 31 12:15 : player: played "Haaland Ha Ha Ha.mp3"
WARNING: Unhandled message: interface=org.freedesktop.DBus, path=/org/freedesktop/DBus, member=ActivatableServicesChanged
WARNING: Unhandled message: interface=org.freedesktop.DBus, path=/org/freedesktop/DBus, member=ActivatableServicesChanged
WARNING: Unhandled message: interface=org.freedesktop.DBus, path=/org/freedesktop/DBus, member=ActivatableServicesChanged
WARNING: Unhandled message: interface=org.freedesktop.DBus, path=/org/freedesktop/DBus, member=ActivatableServicesChanged
WARNING: Unhandled message: interface=org.freedesktop.DBus, path=/org/freedesktop/DBus, member=ActivatableServicesChanged
WARNING: Unhandled message: interface=org.freedesktop.DBus, path=/org/freedesktop/DBus, member=ActivatableServicesChanged
WARNING: Unhandled message: interface=org.freedesktop.DBus, path=/org/freedesktop/DBus, member=ActivatableServicesChanged
Oct 31 23:27 : exception: Failed to open /home/ozil/.mpd/playlists: No such file or directory
Oct 31 23:27 : update: added /Panjabi MC - Mundian To Bach Ke.mp3
Oct 31 23:27 : update: added /Sia - Chandelier.mp3
Oct 31 23:27 : update: added /Sia - Cheap Thrills.mp3
Oct 31 23:27 : exception: Failed to open /home/ozil/.mpd/playlists: No such file or directory
Oct 31 23:29 : update: updating /Panjabi MC - Mundian To Bach Ke.mp3
Oct 31 23:29 : update: updating /Sia - Chandelier.mp3
Oct 31 23:30 : update: updating /Sia - Cheap Thrills.mp3
Oct 31 23:38 : player: played "Marie Wegener - Countdown.mp3"
WARNING: Unhandled message: interface=org.freedesktop.DBus, path=/org/freedesktop/DBus, member=ActivatableServicesChanged
WARNING: Unhandled message: interface=org.freedesktop.DBus, path=/org/freedesktop/DBus, member=ActivatableServicesChanged
WARNING: Unhandled message: interface=org.freedesktop.DBus, path=/org/freedesktop/DBus, member=ActivatableServicesChanged
WARNING: Unhandled message: interface=org.freedesktop.DBus, path=/org/freedesktop/DBus, member=ActivatableServicesChanged
Nov 01 00:25 : player: played "Panjabi MC - Mundian To Bach Ke.mp3"
WARNING: Unhandled message: interface=org.freedesktop.DBus, path=/org/freedesktop/DBus, member=ActivatableServicesChanged
WARNING: Unhandled message: interface=org.freedesktop.DBus, path=/org/freedesktop/DBus, member=ActivatableServicesChanged
WARNING: Unhandled message: interface=org.freedesktop.DBus, path=/org/freedesktop/DBus, member=ActivatableServicesChanged
WARNING: Unhandled message: interface=org.freedesktop.DBus, path=/org/freedesktop/DBus, member=ActivatableServicesChanged
Nov 01 14:18 : player: played "Solo - RiveR  .mp3"
Nov 01 14:27 : player: played "Janji - Heroes Tonight (feat. Johnning) [NCS Release].mp3"
Nov 01 14:30 : player: played "Janji - Heroes Tonight (feat. Johnning) [NCS Release].mp3"
Nov 01 14:38 : player: played "Unstoppable - Sia.mp3"
Nov 01 14:42 : player: played "Unstoppable - Sia.mp3"
Nov 01 16:21 : exception: Failed to open /home/ozil/.mpd/playlists: No such file or directory
Nov 01 16:21 : update: added /Bahlam Beek.mp3
Nov 01 16:21 : update: added /mosalsal nour.mp3
Nov 01 16:21 : exception: Failed to open /home/ozil/.mpd/playlists: No such file or directory
Nov 01 16:22 : update: updating /Bahlam Beek.mp3
Nov 01 16:23 : update: updating /mosalsal nour.mp3
Nov 01 16:44 : player: played "Bahlam Beek.mp3"
Nov 01 16:45 : update: removing Bahlam Beek.mp3
Nov 01 16:45 : update: removing mosalsal nour.mp3
Nov 01 16:45 : exception: Failed to open /home/ozil/.mpd/playlists: No such file or directory
Nov 01 20:12 : player: played "Alexandra Stan - Mr Saxo Beat.mp3"
Nov 02 19:15 : player: played "Unstoppable - Sia.mp3"
Nov 02 19:19 : player: played "Unstoppable - Sia.mp3"
Nov 02 19:19 : player: played "Unstoppable - Sia.mp3"
WARNING: Unhandled message: interface=org.freedesktop.DBus, path=/org/freedesktop/DBus, member=ActivatableServicesChanged
WARNING: Unhandled message: interface=org.freedesktop.DBus, path=/org/freedesktop/DBus, member=ActivatableServicesChanged
WARNING: Unhandled message: interface=org.freedesktop.DBus, path=/org/freedesktop/DBus, member=ActivatableServicesChanged
WARNING: Unhandled message: interface=org.freedesktop.DBus, path=/org/freedesktop/DBus, member=ActivatableServicesChanged
Nov 03 04:35 : player: played "Unstoppable - Sia.mp3"
Nov 03 09:03 : player: played "Unstoppable - Sia.mp3"
Nov 03 09:09 : player: played "Olympic ayres magic .mp3"
Nov 03 12:31 : player: played "Haaland Ha Ha Ha.mp3"
Nov 04 12:44 : player: played "Haaland Ha Ha Ha.mp3"
Nov 04 13:32 : player: played "Sia - Cheap Thrills.mp3"
Nov 04 13:35 : player: played "Sia - Cheap Thrills.mp3"
Nov 04 13:39 : player: played "Sia - Cheap Thrills.mp3"
Nov 04 15:49 : player: played "Eye of the Tiger.mp3"
Nov 04 15:53 : player: played "Eye of the Tiger.mp3"
Nov 04 15:57 : player: played "Eye of the Tiger.mp3"
Nov 04 16:01 : player: played "Eye of the Tiger.mp3"
Nov 04 16:05 : player: played "Eye of the Tiger.mp3"
Nov 04 16:09 : player: played "Eye of the Tiger.mp3"
Nov 04 16:13 : player: played "Eye of the Tiger.mp3"
Nov 04 16:17 : player: played "Eye of the Tiger.mp3"
Nov 04 16:21 : player: played "Eye of the Tiger.mp3"
Nov 04 16:25 : player: played "Eye of the Tiger.mp3"
Nov 04 16:29 : player: played "Eye of the Tiger.mp3"
Nov 04 16:33 : player: played "Eye of the Tiger.mp3"
Nov 04 18:45 : exception: Failed to open /home/ozil/.mpd/playlists: No such file or directory
Nov 04 18:45 : update: added /Niko Pandetta- Pistole Nella Fendi.mp3
Nov 04 18:45 : exception: Failed to open /home/ozil/.mpd/playlists: No such file or directory
Nov 04 18:46 : update: updating /Niko Pandetta- Pistole Nella Fendi.mp3
Nov 05 03:11 : player: played "Niko Pandetta- Pistole Nella Fendi.mp3"
WARNING: Unhandled message: interface=org.freedesktop.DBus, path=/org/freedesktop/DBus, member=ActivatableServicesChanged
WARNING: Unhandled message: interface=org.freedesktop.DBus, path=/org/freedesktop/DBus, member=ActivatableServicesChanged
WARNING: Unhandled message: interface=org.freedesktop.DBus, path=/org/freedesktop/DBus, member=ActivatableServicesChanged
WARNING: Unhandled message: interface=org.freedesktop.DBus, path=/org/freedesktop/DBus, member=ActivatableServicesChanged
WARNING: Unhandled message: interface=org.freedesktop.DBus, path=/org/freedesktop/DBus, member=ActivatableServicesChanged
WARNING: Unhandled message: interface=org.freedesktop.DBus, path=/org/freedesktop/DBus, member=ActivatableServicesChanged
WARNING: Unhandled message: interface=org.freedesktop.DBus, path=/org/freedesktop/DBus, member=ActivatableServicesChanged
WARNING: Unhandled message: interface=org.freedesktop.DBus, path=/org/freedesktop/DBus, member=ActivatableServicesChanged
WARNING: Unhandled message: interface=org.freedesktop.DBus, path=/org/freedesktop/DBus, member=ActivatableServicesChanged
Nov 05 10:20 : player: played "Niko Pandetta- Pistole Nella Fendi.mp3"
Nov 05 19:23 : player: played "Niko Pandetta- Pistole Nella Fendi.mp3"
Nov 05 22:20 : player: played "Niko Pandetta- Pistole Nella Fendi.mp3"
Nov 05 22:54 : player: played "Niko Pandetta- Pistole Nella Fendi.mp3"
Nov 06 02:33 : player: played "Niko Pandetta- Pistole Nella Fendi.mp3"
Nov 06 02:48 : player: played "Niko Pandetta- Pistole Nella Fendi.mp3"
Nov 06 15:12 : player: played "Niko Pandetta- Pistole Nella Fendi.mp3"
Nov 06 15:15 : player: played "Niko Pandetta- Pistole Nella Fendi.mp3"
Nov 06 15:18 : player: played "Niko Pandetta- Pistole Nella Fendi.mp3"
Nov 06 15:21 : player: played "Niko Pandetta- Pistole Nella Fendi.mp3"
Nov 06 15:24 : player: played "Niko Pandetta- Pistole Nella Fendi.mp3"
Nov 06 15:26 : player: played "Niko Pandetta- Pistole Nella Fendi.mp3"
Nov 06 15:29 : player: played "Niko Pandetta- Pistole Nella Fendi.mp3"
Nov 06 15:32 : player: played "Niko Pandetta- Pistole Nella Fendi.mp3"
Nov 06 15:35 : player: played "Niko Pandetta- Pistole Nella Fendi.mp3"
Nov 06 15:38 : player: played "Niko Pandetta- Pistole Nella Fendi.mp3"
Nov 06 15:41 : player: played "Niko Pandetta- Pistole Nella Fendi.mp3"
Nov 06 15:44 : player: played "Niko Pandetta- Pistole Nella Fendi.mp3"
Nov 06 15:47 : player: played "Niko Pandetta- Pistole Nella Fendi.mp3"
Nov 06 15:50 : player: played "Niko Pandetta- Pistole Nella Fendi.mp3"
Nov 06 15:53 : player: played "Niko Pandetta- Pistole Nella Fendi.mp3"
Nov 06 15:56 : player: played "Niko Pandetta- Pistole Nella Fendi.mp3"
Nov 06 15:58 : player: played "Niko Pandetta- Pistole Nella Fendi.mp3"
Nov 06 16:01 : player: played "Niko Pandetta- Pistole Nella Fendi.mp3"
Nov 06 17:32 : player: played "YouAreMyLove_My Life.mp3"
Nov 06 17:32 : exception: Failed to open /home/ozil/.mpd/playlists: No such file or directory
Nov 06 17:32 : update: removing Alexandra Stan - Mr Saxo Beat.mp3
Nov 06 17:32 : update: removing Dua Lipa - Don't Start Now .mp3
Nov 06 17:32 : update: removing Empire Of The Sun - Alive.mp3
Nov 06 17:32 : update: removing Hans Zimmer - S.T.A.Y.mp3
Nov 06 17:32 : update: removing Haaland Ha Ha Ha.mp3
Nov 06 17:32 : update: removing Gloria Gaynor - I Will Survive.mp3
Nov 06 17:32 : update: removing Eye of the Tiger.mp3
Nov 06 17:32 : update: removing INNA x Sean Paul - Up.mp3
Nov 06 17:32 : update: removing INNA  Yalla.mp3
Nov 06 17:32 : update: removing Imagine Dragons - Believer .mp3
Nov 06 17:32 : update: removing JeffreyBezos.mp3
Nov 06 17:32 : update: removing John Newman - Love Me Again.mp3
Nov 06 17:32 : update: removing Love Tonight.mp3
Nov 06 17:32 : update: removing M.I.A. - Paper Planes.mp3
Nov 06 17:32 : update: removing Madonna - La Isla Bonita.mp3
Nov 06 17:32 : update: removing Magic In The Air.mp3
Nov 06 17:32 : update: removing Major Lazer - Watch Out For This.mp3
Nov 06 17:32 : update: removing Maneskin_Beggin.mp3
Nov 06 17:32 : update: removing Marie Wegener - Countdown.mp3
Nov 06 17:32 : update: removing Mark Marku - Da si htjela .mp3
Nov 06 17:32 : update: removing Masked Wolf  - Astronaut in the Ocean .mp3
Nov 06 17:32 : update: removing MGK - Invincible .mp3
Nov 06 17:32 : update: removing Nathalie Cardone  Hasta siempre.mp3
Nov 06 17:32 : update: removing Niko Pandetta- Pistole Nella Fendi.mp3
Nov 06 17:32 : update: removing Olivia Addams - I'm Lost.mp3
Nov 06 17:32 : update: removing Olympic ayres magic .mp3
Nov 06 17:32 : update: removing Panjabi MC - Mundian To Bach Ke.mp3
Nov 06 17:32 : update: removing Phosphorescent - Song for Zula .mp3
Nov 06 17:32 : update: removing Post Malone - rockstar.mp3
Nov 06 17:32 : update: removing Shakira - Rabiosa.mp3
Nov 06 17:32 : update: removing Shakira & Rihanna - Can't Remember to Forget You.mp3
Nov 06 17:32 : update: removing Sia - Chandelier.mp3
Nov 06 17:32 : update: removing Sia - Cheap Thrills.mp3
Nov 06 17:32 : update: removing Solo - RiveR  .mp3
Nov 06 17:32 : update: removing Stern des Sudens _ FC Bayern.mp3
Nov 06 17:32 : update: removing The Final Countdown - Europe.mp3
Nov 06 17:32 : update: removing Unstoppable - Sia.mp3
Nov 06 17:32 : update: removing YouAreMyLove_My Life.mp3
Nov 06 17:32 : update: removing NEFFEX - Grateful .mp3
Nov 06 17:32 : update: removing Cartoon - On & On (feat. Daniel Levi) [NCS Release].mp3
Nov 06 17:32 : update: removing Culture Code - Make Me Move (feat. Karra) [NCS Release].mp3
Nov 06 17:32 : update: removing Janji - Heroes Tonight (feat. Johnning) [NCS Release].mp3
Nov 06 17:32 : update: removing N3WPORT - Power .mp3
Nov 06 17:32 : exception: Failed to open /home/ozil/.mpd/playlists: No such file or directory
Nov 06 17:32 : exception: Failed to open /home/ozil/.mpd/playlists: No such file or directory
Nov 06 17:32 : update: added /INNA x Sean Paul - Up.mp3
Nov 06 17:32 : update: added /Niko Pandetta- Pistole Nella Fendi.mp3
Nov 06 17:32 : update: added /Stern des Sudens _ FC Bayern.mp3
Nov 06 17:32 : update: added /Eye of the Tiger.mp3
Nov 06 17:32 : update: added /Solo - RiveR  .mp3
Nov 06 17:32 : update: added /Unstoppable - Sia.mp3
Nov 06 17:32 : update: added /Janji - Heroes Tonight (feat. Johnning) [NCS Release].mp3
Nov 06 17:32 : update: added /Haaland Ha Ha Ha.mp3
Nov 06 17:32 : exception: Failed to open /home/ozil/.mpd/playlists: No such file or directory
Nov 06 17:34 : update: updating /Eye of the Tiger.mp3
Nov 06 17:34 : update: updating /INNA x Sean Paul - Up.mp3
Nov 06 17:35 : update: updating /Niko Pandetta- Pistole Nella Fendi.mp3
Nov 06 17:35 : update: updating /Solo - RiveR  .mp3
Nov 06 17:36 : update: updating /Unstoppable - Sia.mp3
Nov 06 17:37 : exception: Failed to open /home/ozil/.mpd/playlists: No such file or directory
Nov 06 17:37 : update: added /Madonna - La Isla Bonita.mp3
Nov 06 17:37 : exception: Failed to open /home/ozil/.mpd/playlists: No such file or directory
Nov 06 18:16 : exception: Failed to open /home/ozil/.mpd/playlists: No such file or directory
Nov 06 18:16 : update: added /Panjabi MC - Mundian To Bach Ke.mp3
Nov 06 18:16 : update: added /Dua Lipa - Don't Start Now .mp3
Nov 06 18:16 : update: added /Mark Marku - Da si htjela .mp3
Nov 06 18:16 : update: added /MGK - Invincible .mp3
Nov 06 18:16 : update: added /Shakira & Rihanna - Can't Remember to Forget You.mp3
Nov 06 18:16 : update: added /Nathalie Cardone  Hasta siempre.mp3
Nov 06 18:16 : update: added /Culture Code - Make Me Move (feat. Karra) [NCS Release].mp3
Nov 06 18:16 : update: added /Cartoon - On & On (feat. Daniel Levi) [NCS Release].mp3
Nov 06 18:16 : update: added /Olympic ayres magic .mp3
Nov 06 18:16 : update: added /Alexandra Stan - Mr Saxo Beat.mp3
Nov 06 18:16 : update: added /Sia - Chandelier.mp3
Nov 06 18:16 : update: added /Marie Wegener - Countdown.mp3
Nov 06 18:16 : update: added /INNA  Yalla.mp3
Nov 06 18:16 : update: added /YouAreMyLove_My Life.mp3
Nov 06 18:16 : update: added /Olivia Addams - I'm Lost.mp3
Nov 06 18:16 : update: added /Sia - Cheap Thrills.mp3
Nov 06 18:16 : update: added /The Final Countdown - Europe.mp3
Nov 06 18:16 : update: added /Maneskin_Beggin.mp3
Nov 06 18:16 : update: added /Love Tonight.mp3
Nov 06 18:16 : update: added /Song for Zula.mp3
Nov 06 18:16 : update: added /JeffreyBezos.mp3
Nov 06 18:16 : update: added /N3WPORT - Power .mp3
Nov 06 18:16 : update: added /Masked Wolf  - Astronaut in the Ocean .mp3
Nov 06 18:16 : update: added /NEFFEX - Grateful .mp3
Nov 06 18:16 : exception: Failed to open /home/ozil/.mpd/playlists: No such file or directory
Nov 06 18:16 : player: played "Madonna - La Isla Bonita.mp3"
Nov 06 18:17 : exception: No such directory
Nov 06 18:17 : exception: Failed to open '/home/ozil/.mpd/playlists/Mr Saxo Beat.m3u': No such file or directory
Nov 06 18:17 : exception: No such playlist
Nov 06 18:17 : update: updating /Alexandra Stan - Mr Saxo Beat.mp3
Nov 06 18:18 : update: updating /Dua Lipa - Don't Start Now .mp3
Nov 06 18:19 : update: updating /Alexandra Stan - Mr Saxo Beat.mp3
Nov 06 18:19 : update: updating /INNA  Yalla.mp3
Nov 06 18:20 : update: updating /JeffreyBezos.mp3
Nov 06 18:22 : update: updating /Nathalie Cardone  Hasta siempre.mp3
Nov 06 18:22 : update: updating /Olivia Addams - I'm Lost.mp3
Nov 06 18:23 : update: updating /Olympic ayres magic .mp3
Nov 06 18:23 : update: updating /Panjabi MC - Mundian To Bach Ke.mp3
Nov 06 18:24 : update: updating /Shakira & Rihanna - Can't Remember to Forget You.mp3
Nov 06 18:25 : update: updating /Sia - Chandelier.mp3
Nov 06 18:25 : update: updating /Sia - Cheap Thrills.mp3
Nov 06 18:25 : update: updating /Song for Zula.mp3
Nov 06 18:26 : update: updating /The Final Countdown - Europe.mp3
Nov 06 18:27 : update: updating /YouAreMyLove_My Life.mp3
Nov 06 18:27 : update: updating /YouAreMyLove_My Life.mp3
Nov 06 18:30 : player: played "Nathalie Cardone  Hasta siempre.mp3"
Nov 06 18:33 : player: played "Solo - RiveR  .mp3"
Nov 06 18:40 : player: played "Song for Zula.mp3"
Nov 06 18:43 : player: played "Stern des Sudens _ FC Bayern.mp3"
Nov 06 18:48 : player: played "The Final Countdown - Europe.mp3"
Nov 06 18:52 : player: played "Unstoppable - Sia.mp3"
Nov 06 18:56 : player: played "YouAreMyLove_My Life.mp3"
Nov 06 18:59 : player: played "NEFFEX - Grateful .mp3"
Nov 06 19:03 : player: played "Cartoon - On & On (feat. Daniel Levi) [NCS Release].mp3"
Nov 06 19:18 : player: played "Culture Code - Make Me Move (feat. Karra) [NCS Release].mp3"
Nov 07 01:38 : player: played "Culture Code - Make Me Move (feat. Karra) [NCS Release].mp3"
Nov 07 10:13 : player: played "Niko Pandetta- Pistole Nella Fendi.mp3"
Nov 07 10:13 : player: played "Niko Pandetta- Pistole Nella Fendi.mp3"
Nov 07 10:16 : player: played "Niko Pandetta- Pistole Nella Fendi.mp3"
Nov 07 10:19 : player: played "Niko Pandetta- Pistole Nella Fendi.mp3"
Nov 07 10:22 : player: played "Niko Pandetta- Pistole Nella Fendi.mp3"
Nov 07 11:18 : player: played "Niko Pandetta- Pistole Nella Fendi.mp3"
WARNING: Unhandled message: interface=org.freedesktop.DBus, path=/org/freedesktop/DBus, member=ActivatableServicesChanged
WARNING: Unhandled message: interface=org.freedesktop.DBus, path=/org/freedesktop/DBus, member=ActivatableServicesChanged
WARNING: Unhandled message: interface=org.freedesktop.DBus, path=/org/freedesktop/DBus, member=ActivatableServicesChanged
WARNING: Unhandled message: interface=org.freedesktop.DBus, path=/org/freedesktop/DBus, member=ActivatableServicesChanged
WARNING: Unhandled message: interface=org.freedesktop.DBus, path=/org/freedesktop/DBus, member=ActivatableServicesChanged
WARNING: Unhandled message: interface=org.freedesktop.DBus, path=/org/freedesktop/DBus, member=ActivatableServicesChanged
WARNING: Unhandled message: interface=org.freedesktop.DBus, path=/org/freedesktop/DBus, member=ActivatableServicesChanged
WARNING: Unhandled message: interface=org.freedesktop.DBus, path=/org/freedesktop/DBus, member=ActivatableServicesChanged
Nov 07 14:38 : player: played "Niko Pandetta- Pistole Nella Fendi.mp3"
WARNING: Unhandled message: interface=org.freedesktop.DBus, path=/org/freedesktop/DBus, member=ActivatableServicesChanged
WARNING: Unhandled message: interface=org.freedesktop.DBus, path=/org/freedesktop/DBus, member=ActivatableServicesChanged
WARNING: Unhandled message: interface=org.freedesktop.DBus, path=/org/freedesktop/DBus, member=ActivatableServicesChanged
Nov 07 19:31 : player: played "Solo - RiveR  .mp3"
Nov 07 19:35 : player: played "Solo - RiveR  .mp3"
Nov 07 19:38 : player: played "Solo - RiveR  .mp3"
Nov 07 19:42 : player: played "Solo - RiveR  .mp3"
Nov 07 22:06 : player: played "Niko Pandetta- Pistole Nella Fendi.mp3"
Nov 07 22:07 : exception: Failed to open /home/ozil/.mpd/playlists: No such file or directory
Nov 07 22:07 : player: played "Alexandra Stan - Mr Saxo Beat.mp3"
Nov 07 22:09 : player: played "Unstoppable - Sia.mp3"
Nov 07 22:45 : player: played "Olympic ayres magic .mp3"
Nov 07 22:49 : player: played "Panjabi MC - Mundian To Bach Ke.mp3"
Nov 07 22:52 : player: played "Shakira & Rihanna - Can't Remember to Forget You.mp3"
Nov 07 22:56 : player: played "Sia - Chandelier.mp3"
Nov 08 00:43 : player: played "Niko Pandetta- Pistole Nella Fendi.mp3"
Nov 08 06:20 : player: played "Niko Pandetta- Pistole Nella Fendi.mp3"
Nov 08 10:10 : player: played "Niko Pandetta- Pistole Nella Fendi.mp3"
Nov 08 16:06 : player: played "Niko Pandetta- Pistole Nella Fendi.mp3"
Nov 09 13:02 : player: played "Niko Pandetta- Pistole Nella Fendi.mp3"
Nov 09 16:57 : player: played "Niko Pandetta- Pistole Nella Fendi.mp3"
WARNING: Unhandled message: interface=org.freedesktop.DBus, path=/org/freedesktop/DBus, member=ActivatableServicesChanged
WARNING: Unhandled message: interface=org.freedesktop.DBus, path=/org/freedesktop/DBus, member=ActivatableServicesChanged
WARNING: Unhandled message: interface=org.freedesktop.DBus, path=/org/freedesktop/DBus, member=ActivatableServicesChanged
WARNING: Unhandled message: interface=org.freedesktop.DBus, path=/org/freedesktop/DBus, member=ActivatableServicesChanged
WARNING: Unhandled message: interface=org.freedesktop.DBus, path=/org/freedesktop/DBus, member=ActivatableServicesChanged
Nov 09 18:01 : player: played "Niko Pandetta- Pistole Nella Fendi.mp3"
Nov 09 19:37 : player: played "Niko Pandetta- Pistole Nella Fendi.mp3"
Nov 09 19:40 : player: played "Niko Pandetta- Pistole Nella Fendi.mp3"
Nov 09 19:40 : player: played "Niko Pandetta- Pistole Nella Fendi.mp3"
Nov 09 23:26 : player: played "Niko Pandetta- Pistole Nella Fendi.mp3"
Nov 09 23:29 : player: played "Niko Pandetta- Pistole Nella Fendi.mp3"
Nov 09 23:31 : player: played "Niko Pandetta- Pistole Nella Fendi.mp3"
Nov 09 23:34 : player: played "Niko Pandetta- Pistole Nella Fendi.mp3"
Nov 10 00:58 : player: played "Niko Pandetta- Pistole Nella Fendi.mp3"
WARNING: Unhandled message: interface=org.freedesktop.DBus, path=/org/freedesktop/DBus, member=ActivatableServicesChanged
WARNING: Unhandled message: interface=org.freedesktop.DBus, path=/org/freedesktop/DBus, member=ActivatableServicesChanged
WARNING: Unhandled message: interface=org.freedesktop.DBus, path=/org/freedesktop/DBus, member=ActivatableServicesChanged
WARNING: Unhandled message: interface=org.freedesktop.DBus, path=/org/freedesktop/DBus, member=ActivatableServicesChanged
WARNING: Unhandled message: interface=org.freedesktop.DBus, path=/org/freedesktop/DBus, member=ActivatableServicesChanged
WARNING: Unhandled message: interface=org.freedesktop.DBus, path=/org/freedesktop/DBus, member=ActivatableServicesChanged
Nov 10 23:29 : player: played "Niko Pandetta- Pistole Nella Fendi.mp3"
Nov 11 00:43 : player: played "Niko Pandetta- Pistole Nella Fendi.mp3"
Nov 11 00:46 : player: played "Niko Pandetta- Pistole Nella Fendi.mp3"
Nov 11 00:49 : player: played "Niko Pandetta- Pistole Nella Fendi.mp3"
Nov 11 00:52 : player: played "Niko Pandetta- Pistole Nella Fendi.mp3"
Nov 11 00:55 : player: played "Niko Pandetta- Pistole Nella Fendi.mp3"
Nov 11 00:58 : player: played "Niko Pandetta- Pistole Nella Fendi.mp3"
Nov 11 01:01 : player: played "Niko Pandetta- Pistole Nella Fendi.mp3"
Nov 11 01:04 : player: played "Niko Pandetta- Pistole Nella Fendi.mp3"
Nov 11 01:06 : player: played "Niko Pandetta- Pistole Nella Fendi.mp3"
Nov 11 01:09 : player: played "Niko Pandetta- Pistole Nella Fendi.mp3"
Nov 11 01:12 : player: played "Niko Pandetta- Pistole Nella Fendi.mp3"
Nov 11 01:15 : player: played "Niko Pandetta- Pistole Nella Fendi.mp3"
Nov 11 01:18 : player: played "Niko Pandetta- Pistole Nella Fendi.mp3"
Nov 11 01:21 : player: played "Niko Pandetta- Pistole Nella Fendi.mp3"
Nov 11 01:24 : player: played "Niko Pandetta- Pistole Nella Fendi.mp3"
Nov 11 01:27 : player: played "Niko Pandetta- Pistole Nella Fendi.mp3"
Nov 11 01:30 : player: played "Niko Pandetta- Pistole Nella Fendi.mp3"
Nov 11 01:33 : player: played "Niko Pandetta- Pistole Nella Fendi.mp3"
Nov 11 01:35 : player: played "Niko Pandetta- Pistole Nella Fendi.mp3"
Nov 11 01:38 : player: played "Niko Pandetta- Pistole Nella Fendi.mp3"
Nov 11 01:41 : player: played "Niko Pandetta- Pistole Nella Fendi.mp3"
Nov 11 01:44 : player: played "Niko Pandetta- Pistole Nella Fendi.mp3"
Nov 11 01:47 : player: played "Niko Pandetta- Pistole Nella Fendi.mp3"
Nov 11 01:50 : player: played "Niko Pandetta- Pistole Nella Fendi.mp3"
Nov 11 01:53 : player: played "Niko Pandetta- Pistole Nella Fendi.mp3"
Nov 11 02:08 : player: played "Niko Pandetta- Pistole Nella Fendi.mp3"
Nov 11 02:13 : player: played "Solo - RiveR  .mp3"
Nov 11 02:16 : player: played "Solo - RiveR  .mp3"
Nov 11 02:20 : player: played "Solo - RiveR  .mp3"
Nov 11 03:10 : player: played "Solo - RiveR  .mp3"
Nov 11 03:41 : player: played "Solo - RiveR  .mp3"
Nov 11 13:57 : player: played "Solo - RiveR  .mp3"
Nov 11 14:00 : player: played "Solo - RiveR  .mp3"
Nov 11 14:04 : player: played "Solo - RiveR  .mp3"
Nov 11 14:08 : player: played "Solo - RiveR  .mp3"
Nov 11 14:14 : player: played "Solo - RiveR  .mp3"
Nov 11 14:18 : player: played "Solo - RiveR  .mp3"
Nov 11 18:33 : player: played "Solo - RiveR  .mp3"
Nov 11 18:37 : player: played "Solo - RiveR  .mp3"
Nov 11 18:40 : player: played "Solo - RiveR  .mp3"
Nov 11 18:44 : player: played "Solo - RiveR  .mp3"
Nov 11 18:48 : player: played "Solo - RiveR  .mp3"
Nov 11 19:12 : player: played "Solo - RiveR  .mp3"
Nov 11 19:15 : player: played "Solo - RiveR  .mp3"
Nov 11 19:19 : player: played "Solo - RiveR  .mp3"
Nov 11 19:23 : player: played "Solo - RiveR  .mp3"
Nov 11 19:27 : player: played "Solo - RiveR  .mp3"
Nov 11 19:31 : player: played "Solo - RiveR  .mp3"
Nov 11 19:34 : player: played "Solo - RiveR  .mp3"
Nov 11 19:38 : player: played "Solo - RiveR  .mp3"
Nov 11 19:42 : player: played "Solo - RiveR  .mp3"
Nov 11 19:46 : player: played "Solo - RiveR  .mp3"
Nov 11 19:50 : player: played "Solo - RiveR  .mp3"
Nov 11 19:53 : player: played "Solo - RiveR  .mp3"
Nov 11 19:57 : player: played "Solo - RiveR  .mp3"
Nov 11 20:01 : player: played "Solo - RiveR  .mp3"
Nov 11 20:05 : player: played "Solo - RiveR  .mp3"
Nov 11 20:09 : player: played "Solo - RiveR  .mp3"
Nov 11 20:12 : player: played "Solo - RiveR  .mp3"
Nov 11 20:16 : player: played "Solo - RiveR  .mp3"
Nov 11 20:20 : player: played "Solo - RiveR  .mp3"
Nov 11 20:24 : player: played "Solo - RiveR  .mp3"
Nov 11 20:28 : player: played "Solo - RiveR  .mp3"
Nov 11 20:31 : player: played "Solo - RiveR  .mp3"
Nov 11 20:35 : player: played "Solo - RiveR  .mp3"
Nov 11 20:39 : player: played "Solo - RiveR  .mp3"
Nov 11 20:43 : player: played "Solo - RiveR  .mp3"
Nov 11 20:47 : player: played "Solo - RiveR  .mp3"
Nov 11 20:50 : player: played "Solo - RiveR  .mp3"
Nov 11 20:54 : player: played "Solo - RiveR  .mp3"
Nov 11 20:58 : player: played "Solo - RiveR  .mp3"
Nov 11 21:02 : player: played "Solo - RiveR  .mp3"
Nov 11 21:06 : player: played "Solo - RiveR  .mp3"
Nov 11 21:09 : player: played "Solo - RiveR  .mp3"
Nov 11 21:13 : player: played "Solo - RiveR  .mp3"
Nov 11 21:17 : player: played "Solo - RiveR  .mp3"
Nov 11 21:21 : player: played "Solo - RiveR  .mp3"
Nov 11 21:25 : player: played "Solo - RiveR  .mp3"
Nov 11 21:29 : player: played "Solo - RiveR  .mp3"
Nov 11 21:32 : player: played "Solo - RiveR  .mp3"
Nov 11 21:36 : player: played "Solo - RiveR  .mp3"
Nov 11 21:40 : player: played "Solo - RiveR  .mp3"
Nov 11 21:44 : player: played "Solo - RiveR  .mp3"
Nov 11 21:48 : player: played "Solo - RiveR  .mp3"
Nov 11 21:51 : player: played "Solo - RiveR  .mp3"
Nov 11 21:55 : player: played "Solo - RiveR  .mp3"
Nov 11 21:59 : player: played "Solo - RiveR  .mp3"
Nov 11 22:03 : player: played "Solo - RiveR  .mp3"
Nov 11 22:07 : player: played "Solo - RiveR  .mp3"
Nov 11 22:10 : player: played "Solo - RiveR  .mp3"
Nov 11 22:14 : player: played "Solo - RiveR  .mp3"
Nov 11 22:18 : player: played "Solo - RiveR  .mp3"
Nov 11 22:22 : player: played "Solo - RiveR  .mp3"
Nov 11 22:26 : player: played "Solo - RiveR  .mp3"
Nov 11 22:29 : player: played "Solo - RiveR  .mp3"
Nov 11 22:33 : player: played "Solo - RiveR  .mp3"
Nov 11 22:37 : player: played "Solo - RiveR  .mp3"
WARNING: Unhandled message: interface=org.freedesktop.DBus, path=/org/freedesktop/DBus, member=ActivatableServicesChanged
WARNING: Unhandled message: interface=org.freedesktop.DBus, path=/org/freedesktop/DBus, member=ActivatableServicesChanged
WARNING: Unhandled message: interface=org.freedesktop.DBus, path=/org/freedesktop/DBus, member=ActivatableServicesChanged
WARNING: Unhandled message: interface=org.freedesktop.DBus, path=/org/freedesktop/DBus, member=ActivatableServicesChanged
WARNING: Unhandled message: interface=org.freedesktop.DBus, path=/org/freedesktop/DBus, member=ActivatableServicesChanged
Nov 12 02:43 : player: played "Solo - RiveR  .mp3"
Nov 13 00:15 : player: played "Solo - RiveR  .mp3"
Nov 13 15:05 : player: played "Niko Pandetta- Pistole Nella Fendi.mp3"
Nov 13 18:48 : player: played "Niko Pandetta- Pistole Nella Fendi.mp3"
Nov 14 18:30 : player: played "Niko Pandetta- Pistole Nella Fendi.mp3"
Nov 14 20:43 : player: played "Niko Pandetta- Pistole Nella Fendi.mp3"
Nov 14 21:09 : player: played "Niko Pandetta- Pistole Nella Fendi.mp3"
Nov 14 21:26 : player: played "Solo - RiveR  .mp3"
Nov 14 21:38 : player: played "Solo - RiveR  .mp3"
Nov 15 00:04 : player: played "Solo - RiveR  .mp3"
Nov 15 00:08 : player: played "Solo - RiveR  .mp3"
Nov 15 00:12 : player: played "Solo - RiveR  .mp3"
Nov 15 00:15 : player: played "Solo - RiveR  .mp3"
Nov 15 00:19 : player: played "Solo - RiveR  .mp3"
Nov 15 00:23 : player: played "Solo - RiveR  .mp3"
Nov 15 00:27 : player: played "Solo - RiveR  .mp3"
Nov 15 00:31 : player: played "Solo - RiveR  .mp3"
Nov 15 03:50 : player: played "Solo - RiveR  .mp3"
Nov 15 12:46 : player: played "Solo - RiveR  .mp3"
Nov 15 12:50 : player: played "Solo - RiveR  .mp3"
Nov 15 12:54 : player: played "Solo - RiveR  .mp3"
Nov 15 12:57 : player: played "Solo - RiveR  .mp3"
Nov 15 13:01 : player: played "Solo - RiveR  .mp3"
Nov 15 20:45 : exception: Failed to open /home/ozil/.mpd/playlists: No such file or directory
Nov 15 20:45 : update: added /Love Is The Name Of The Game.mp3
Nov 15 20:45 : exception: Failed to open /home/ozil/.mpd/playlists: No such file or directory
Nov 15 20:45 : update: updating /Love Is The Name Of The Game.mp3
Nov 15 20:45 : exception: Failed to open /home/ozil/.mpd/playlists: No such file or directory
Nov 15 20:45 : update: updating /Love Is The Name Of The Game.mp3
Nov 15 20:49 : exception: Failed to open /home/ozil/.mpd/playlists: No such file or directory
Nov 15 20:49 : update: added /Should I Stay Should I Go.mp3
Nov 15 20:49 : exception: Failed to open /home/ozil/.mpd/playlists: No such file or directory
Nov 15 20:50 : update: updating /Should I Stay Should I Go.mp3
Nov 15 20:51 : exception: Failed to open /home/ozil/.mpd/playlists: No such file or directory
Nov 15 20:51 : update: added /Stay With Me Tonight.mp3
Nov 15 20:51 : exception: Failed to open /home/ozil/.mpd/playlists: No such file or directory
Nov 15 20:51 : update: updating /Stay With Me Tonight.mp3
Nov 15 20:55 : player: played "Love Is The Name Of The Game.mp3"
Nov 15 20:58 : player: played "Should I Stay Should I Go.mp3"
Nov 15 21:02 : player: played "Stay With Me Tonight.mp3"
Nov 15 21:05 : player: played "Dua Lipa - Don't Start Now .mp3"
Nov 15 21:09 : player: played "Eye of the Tiger.mp3"
Nov 15 21:09 : exception: Failed to open /home/ozil/.mpd/playlists: No such file or directory
Nov 15 21:09 : player: played "Haaland Ha Ha Ha.mp3"
Nov 15 21:10 : player: played "Love Is The Name Of The Game.mp3"
Nov 15 21:11 : player: played "Love Tonight.mp3"
Nov 15 21:11 : exception: Failed to open /home/ozil/.mpd/playlists: No such file or directory
Nov 15 21:11 : player: played "Alexandra Stan - Mr Saxo Beat.mp3"
Nov 15 21:14 : player: played "Dua Lipa - Don't Start Now .mp3"
Nov 15 21:17 : exception: Failed to open /home/ozil/.mpd/playlists: No such file or directory
Nov 15 21:18 : player: played "Dua Lipa - Don't Start Now .mp3"
Nov 15 21:19 : exception: Failed to open /home/ozil/.mpd/playlists: No such file or directory
Nov 15 21:19 : exception: Failed to open /home/ozil/.mpd/playlists: No such file or directory
Nov 15 21:19 : exception: Failed to open /home/ozil/.mpd/playlists: No such file or directory
Nov 15 21:19 : exception: Failed to open /home/ozil/.mpd/playlists: No such file or directory
Nov 15 21:22 : player: played "Love Is The Name Of The Game.mp3"
Nov 15 21:23 : player: played "Love Tonight.mp3"
Nov 15 21:23 : player: played "Love Tonight.mp3"
Nov 15 21:23 : player: played "Love Is The Name Of The Game.mp3"
Nov 15 21:27 : player: played "Love Is The Name Of The Game.mp3"
Nov 15 21:31 : player: played "Love Is The Name Of The Game.mp3"
Nov 15 21:34 : player: played "Love Is The Name Of The Game.mp3"
Nov 15 21:38 : player: played "Love Is The Name Of The Game.mp3"
Nov 15 21:54 : player: played "Love Is The Name Of The Game.mp3"
Nov 15 21:57 : player: played "Love Is The Name Of The Game.mp3"
Nov 15 22:03 : player: played "Love Is The Name Of The Game.mp3"
Nov 15 22:15 : player: played "Love Is The Name Of The Game.mp3"
Nov 15 22:19 : player: played "Love Is The Name Of The Game.mp3"
Nov 15 22:23 : player: played "Love Is The Name Of The Game.mp3"
Nov 15 22:26 : player: played "Love Is The Name Of The Game.mp3"
Nov 15 22:30 : player: played "Love Is The Name Of The Game.mp3"
Nov 15 22:33 : player: played "Love Is The Name Of The Game.mp3"
Nov 15 22:37 : player: played "Love Is The Name Of The Game.mp3"
Nov 15 22:41 : player: played "Love Is The Name Of The Game.mp3"
Nov 15 22:44 : player: played "Love Is The Name Of The Game.mp3"
Nov 15 22:48 : player: played "Love Is The Name Of The Game.mp3"
Nov 15 22:51 : player: played "Love Is The Name Of The Game.mp3"
Nov 15 22:55 : player: played "Love Is The Name Of The Game.mp3"
Nov 15 23:49 : player: played "Love Is The Name Of The Game.mp3"
WARNING: Unhandled message: interface=org.freedesktop.DBus, path=/org/freedesktop/DBus, member=ActivatableServicesChanged
WARNING: Unhandled message: interface=org.freedesktop.DBus, path=/org/freedesktop/DBus, member=ActivatableServicesChanged
WARNING: Unhandled message: interface=org.freedesktop.DBus, path=/org/freedesktop/DBus, member=ActivatableServicesChanged
WARNING: Unhandled message: interface=org.freedesktop.DBus, path=/org/freedesktop/DBus, member=ActivatableServicesChanged
Nov 16 01:42 : player: played "Love Is The Name Of The Game.mp3"
Nov 16 16:21 : player: played "Love Is The Name Of The Game.mp3"
Nov 16 16:25 : player: played "Love Is The Name Of The Game.mp3"
Nov 16 16:30 : player: played "Should I Stay Should I Go.mp3"
Nov 16 16:33 : player: played "Should I Stay Should I Go.mp3"
WARNING: Unhandled message: interface=org.freedesktop.DBus, path=/org/freedesktop/DBus, member=ActivatableServicesChanged
WARNING: Unhandled message: interface=org.freedesktop.DBus, path=/org/freedesktop/DBus, member=ActivatableServicesChanged
WARNING: Unhandled message: interface=org.freedesktop.DBus, path=/org/freedesktop/DBus, member=ActivatableServicesChanged
Nov 16 19:17 : player: played "Should I Stay Should I Go.mp3"
Nov 16 19:20 : player: played "Should I Stay Should I Go.mp3"
WARNING: Unhandled message: interface=org.freedesktop.DBus, path=/org/freedesktop/DBus, member=ActivatableServicesChanged
WARNING: Unhandled message: interface=org.freedesktop.DBus, path=/org/freedesktop/DBus, member=ActivatableServicesChanged
WARNING: Unhandled message: interface=org.freedesktop.DBus, path=/org/freedesktop/DBus, member=ActivatableServicesChanged
Nov 16 21:54 : player: played "Should I Stay Should I Go.mp3"
Nov 16 23:38 : player: played "Should I Stay Should I Go.mp3"
Nov 17 01:59 : player: played "Should I Stay Should I Go.mp3"
Nov 17 02:03 : player: played "Should I Stay Should I Go.mp3"
Nov 17 02:04 : player: played "Should I Stay Should I Go.mp3"
Nov 17 05:32 : player: played "Should I Stay Should I Go.mp3"
WARNING: Unhandled message: interface=org.freedesktop.DBus, path=/org/freedesktop/DBus, member=ActivatableServicesChanged
WARNING: Unhandled message: interface=org.freedesktop.DBus, path=/org/freedesktop/DBus, member=ActivatableServicesChanged
WARNING: Unhandled message: interface=org.freedesktop.DBus, path=/org/freedesktop/DBus, member=ActivatableServicesChanged
Nov 17 22:45 : player: played "Niko Pandetta- Pistole Nella Fendi.mp3"
Nov 17 23:08 : player: played "Niko Pandetta- Pistole Nella Fendi.mp3"
Nov 18 03:00 : player: played "Niko Pandetta- Pistole Nella Fendi.mp3"
Nov 18 17:02 : player: played "Niko Pandetta- Pistole Nella Fendi.mp3"
Nov 18 21:23 : player: played "Niko Pandetta- Pistole Nella Fendi.mp3"
Nov 18 21:23 : player: played "Niko Pandetta- Pistole Nella Fendi.mp3"
Nov 18 21:24 : player: played "Niko Pandetta- Pistole Nella Fendi.mp3"
WARNING: Unhandled message: interface=org.freedesktop.DBus, path=/org/freedesktop/DBus, member=ActivatableServicesChanged
WARNING: Unhandled message: interface=org.freedesktop.DBus, path=/org/freedesktop/DBus, member=ActivatableServicesChanged
WARNING: Unhandled message: interface=org.freedesktop.DBus, path=/org/freedesktop/DBus, member=ActivatableServicesChanged
WARNING: Unhandled message: interface=org.freedesktop.DBus, path=/org/freedesktop/DBus, member=ActivatableServicesChanged
WARNING: Unhandled message: interface=org.freedesktop.DBus, path=/org/freedesktop/DBus, member=ActivatableServicesChanged
WARNING: Unhandled message: interface=org.freedesktop.DBus, path=/org/freedesktop/DBus, member=ActivatableServicesChanged
WARNING: Unhandled message: interface=org.freedesktop.DBus, path=/org/freedesktop/DBus, member=ActivatableServicesChanged
Nov 19 00:50 : player: played "Niko Pandetta- Pistole Nella Fendi.mp3"
Nov 19 02:27 : player: played "Niko Pandetta- Pistole Nella Fendi.mp3"
WARNING: Unhandled message: interface=org.freedesktop.DBus, path=/org/freedesktop/DBus, member=ActivatableServicesChanged
WARNING: Unhandled message: interface=org.freedesktop.DBus, path=/org/freedesktop/DBus, member=ActivatableServicesChanged
WARNING: Unhandled message: interface=org.freedesktop.DBus, path=/org/freedesktop/DBus, member=ActivatableServicesChanged
WARNING: Unhandled message: interface=org.freedesktop.DBus, path=/org/freedesktop/DBus, member=ActivatableServicesChanged
WARNING: Unhandled message: interface=org.freedesktop.DBus, path=/org/freedesktop/DBus, member=ActivatableServicesChanged
Nov 20 01:49 : player: played "INNA  Yalla.mp3"
Nov 20 07:09 : player: played "Solo - RiveR  .mp3"
Nov 20 08:19 : player: played "Solo - RiveR  .mp3"
Nov 20 17:32 : player: played "Solo - RiveR  .mp3"
Nov 21 03:54 : player: played "Love Is The Name Of The Game.mp3"
Nov 21 03:57 : player: played "Love Is The Name Of The Game.mp3"
Nov 21 04:01 : player: played "Love Is The Name Of The Game.mp3"
Nov 21 04:04 : player: played "Love Is The Name Of The Game.mp3"
Nov 21 04:08 : player: played "Love Is The Name Of The Game.mp3"
Nov 21 06:15 : player: played "Love Is The Name Of The Game.mp3"
Nov 21 19:29 : player: played "Love Is The Name Of The Game.mp3"
Nov 21 21:42 : player: played "Love Is The Name Of The Game.mp3"
Nov 21 21:48 : player: played "Love Is The Name Of The Game.mp3"
Nov 21 23:50 : player: played "Love Is The Name Of The Game.mp3"
WARNING: Unhandled message: interface=org.freedesktop.DBus, path=/org/freedesktop/DBus, member=ActivatableServicesChanged
WARNING: Unhandled message: interface=org.freedesktop.DBus, path=/org/freedesktop/DBus, member=ActivatableServicesChanged
WARNING: Unhandled message: interface=org.freedesktop.DBus, path=/org/freedesktop/DBus, member=ActivatableServicesChanged
WARNING: Unhandled message: interface=org.freedesktop.DBus, path=/org/freedesktop/DBus, member=ActivatableServicesChanged
WARNING: Unhandled message: interface=org.freedesktop.DBus, path=/org/freedesktop/DBus, member=ActivatableServicesChanged
WARNING: Unhandled message: interface=org.freedesktop.DBus, path=/org/freedesktop/DBus, member=ActivatableServicesChanged
Nov 22 09:26 : player: played "Love Is The Name Of The Game.mp3"
Nov 22 21:53 : player: played "Love Is The Name Of The Game.mp3"
Nov 23 02:32 : player: played "Love Is The Name Of The Game.mp3"
Nov 23 17:38 : player: played "Love Is The Name Of The Game.mp3"
Nov 23 20:35 : player: played "Love Is The Name Of The Game.mp3"
Nov 23 23:42 : player: played "Love Is The Name Of The Game.mp3"
Nov 24 09:09 : player: played "Love Is The Name Of The Game.mp3"
WARNING: Unhandled message: interface=org.freedesktop.DBus, path=/org/freedesktop/DBus, member=ActivatableServicesChanged
WARNING: Unhandled message: interface=org.freedesktop.DBus, path=/org/freedesktop/DBus, member=ActivatableServicesChanged
Nov 24 23:28 : player: played "Love Is The Name Of The Game.mp3"
Nov 25 04:13 : player: played "Love Is The Name Of The Game.mp3"
Nov 25 13:41 : player: played "Love Is The Name Of The Game.mp3"
Nov 25 13:44 : player: played "Love Is The Name Of The Game.mp3"
Nov 25 13:48 : player: played "Love Is The Name Of The Game.mp3"
Nov 25 13:52 : player: played "Love Is The Name Of The Game.mp3"
Nov 25 13:55 : player: played "Love Is The Name Of The Game.mp3"
Nov 25 13:59 : player: played "Love Is The Name Of The Game.mp3"
Nov 25 14:02 : player: played "Love Is The Name Of The Game.mp3"
Nov 25 14:06 : player: played "Love Is The Name Of The Game.mp3"
Nov 25 14:10 : player: played "Love Is The Name Of The Game.mp3"
Nov 25 14:13 : player: played "Love Is The Name Of The Game.mp3"
Nov 25 14:17 : player: played "Love Is The Name Of The Game.mp3"
Nov 25 14:20 : player: played "Love Is The Name Of The Game.mp3"
Nov 25 14:24 : player: played "Love Is The Name Of The Game.mp3"
Nov 25 15:17 : player: played "Love Is The Name Of The Game.mp3"
WARNING: Unhandled message: interface=org.freedesktop.DBus, path=/org/freedesktop/DBus, member=ActivatableServicesChanged
WARNING: Unhandled message: interface=org.freedesktop.DBus, path=/org/freedesktop/DBus, member=ActivatableServicesChanged
WARNING: Unhandled message: interface=org.freedesktop.DBus, path=/org/freedesktop/DBus, member=ActivatableServicesChanged
WARNING: Unhandled message: interface=org.freedesktop.DBus, path=/org/freedesktop/DBus, member=ActivatableServicesChanged
WARNING: Unhandled message: interface=org.freedesktop.DBus, path=/org/freedesktop/DBus, member=ActivatableServicesChanged
WARNING: Unhandled message: interface=org.freedesktop.DBus, path=/org/freedesktop/DBus, member=ActivatableServicesChanged
WARNING: Unhandled message: interface=org.freedesktop.DBus, path=/org/freedesktop/DBus, member=ActivatableServicesChanged
WARNING: Unhandled message: interface=org.freedesktop.DBus, path=/org/freedesktop/DBus, member=ActivatableServicesChanged
WARNING: Unhandled message: interface=org.freedesktop.DBus, path=/org/freedesktop/DBus, member=ActivatableServicesChanged
Nov 25 23:46 : player: played "Love Is The Name Of The Game.mp3"
Nov 25 23:49 : player: played "Love Is The Name Of The Game.mp3"
Nov 25 23:53 : player: played "Love Is The Name Of The Game.mp3"
Nov 25 23:57 : player: played "Love Is The Name Of The Game.mp3"
Nov 26 00:00 : player: played "Love Is The Name Of The Game.mp3"
Nov 26 00:04 : player: played "Love Is The Name Of The Game.mp3"
Nov 26 00:07 : player: played "Love Is The Name Of The Game.mp3"
Nov 26 04:30 : player: played "Love Is The Name Of The Game.mp3"
Nov 27 02:54 : player: played "Madonna - La Isla Bonita.mp3"
Nov 27 18:51 : player: played "Madonna - La Isla Bonita.mp3"
Nov 27 18:56 : player: played "Madonna - La Isla Bonita.mp3"
Nov 28 02:48 : player: played "Madonna - La Isla Bonita.mp3"
Nov 28 20:28 : player: played "Love Is The Name Of The Game.mp3"
WARNING: Unhandled message: interface=org.freedesktop.DBus, path=/org/freedesktop/DBus, member=ActivatableServicesChanged
WARNING: Unhandled message: interface=org.freedesktop.DBus, path=/org/freedesktop/DBus, member=ActivatableServicesChanged
WARNING: Unhandled message: interface=org.freedesktop.DBus, path=/org/freedesktop/DBus, member=ActivatableServicesChanged
WARNING: Unhandled message: interface=org.freedesktop.DBus, path=/org/freedesktop/DBus, member=ActivatableServicesChanged
WARNING: Unhandled message: interface=org.freedesktop.DBus, path=/org/freedesktop/DBus, member=ActivatableServicesChanged
WARNING: Unhandled message: interface=org.freedesktop.DBus, path=/org/freedesktop/DBus, member=ActivatableServicesChanged
Nov 29 13:55 : player: played "Love Is The Name Of The Game.mp3"
Nov 29 13:58 : player: played "Love Is The Name Of The Game.mp3"
Nov 29 14:45 : player: played "Love Is The Name Of The Game.mp3"
Nov 29 15:03 : player: played "Love Is The Name Of The Game.mp3"
Nov 29 15:06 : player: played "Love Is The Name Of The Game.mp3"
Nov 30 05:30 : player: played "Love Is The Name Of The Game.mp3"
WARNING: Unhandled message: interface=org.freedesktop.DBus, path=/org/freedesktop/DBus, member=ActivatableServicesChanged
WARNING: Unhandled message: interface=org.freedesktop.DBus, path=/org/freedesktop/DBus, member=ActivatableServicesChanged
WARNING: Unhandled message: interface=org.freedesktop.DBus, path=/org/freedesktop/DBus, member=ActivatableServicesChanged
WARNING: Unhandled message: interface=org.freedesktop.DBus, path=/org/freedesktop/DBus, member=ActivatableServicesChanged
WARNING: Unhandled message: interface=org.freedesktop.DBus, path=/org/freedesktop/DBus, member=ActivatableServicesChanged
Nov 30 16:20 : output: Failed to play on "pulse audio" (pulse): suspended
Nov 30 16:22 : player: played "Love Is The Name Of The Game.mp3"
Nov 30 16:23 : output: Failed to play on "pulse audio" (pulse): suspended
Nov 30 16:24 : output: Failed to play on "pulse audio" (pulse): suspended
Nov 30 16:26 : player: played "Love Is The Name Of The Game.mp3"
Nov 30 16:29 : player: played "Love Is The Name Of The Game.mp3"
Nov 30 16:33 : player: played "Love Is The Name Of The Game.mp3"
Nov 30 16:36 : player: played "Love Is The Name Of The Game.mp3"
Nov 30 18:53 : player: played "Love Is The Name Of The Game.mp3"
Nov 30 19:05 : player: played "Love Is The Name Of The Game.mp3"
WARNING: Unhandled message: interface=org.freedesktop.DBus, path=/org/freedesktop/DBus, member=ActivatableServicesChanged
WARNING: Unhandled message: interface=org.freedesktop.DBus, path=/org/freedesktop/DBus, member=ActivatableServicesChanged
WARNING: Unhandled message: interface=org.freedesktop.DBus, path=/org/freedesktop/DBus, member=ActivatableServicesChanged
WARNING: Unhandled message: interface=org.freedesktop.DBus, path=/org/freedesktop/DBus, member=ActivatableServicesChanged
WARNING: Unhandled message: interface=org.freedesktop.DBus, path=/org/freedesktop/DBus, member=ActivatableServicesChanged
WARNING: Unhandled message: interface=org.freedesktop.DBus, path=/org/freedesktop/DBus, member=ActivatableServicesChanged
WARNING: Unhandled message: interface=org.freedesktop.DBus, path=/org/freedesktop/DBus, member=ActivatableServicesChanged
WARNING: Unhandled message: interface=org.freedesktop.DBus, path=/org/freedesktop/DBus, member=ActivatableServicesChanged
Dec 01 01:04 : player: played "Love Is The Name Of The Game.mp3"
WARNING: Unhandled message: interface=org.freedesktop.DBus, path=/org/freedesktop/DBus, member=ActivatableServicesChanged
WARNING: Unhandled message: interface=org.freedesktop.DBus, path=/org/freedesktop/DBus, member=ActivatableServicesChanged
WARNING: Unhandled message: interface=org.freedesktop.DBus, path=/org/freedesktop/DBus, member=ActivatableServicesChanged
WARNING: Unhandled message: interface=org.freedesktop.DBus, path=/org/freedesktop/DBus, member=ActivatableServicesChanged
WARNING: Unhandled message: interface=org.freedesktop.DBus, path=/org/freedesktop/DBus, member=ActivatableServicesChanged
Dec 01 07:32 : player: played "Love Is The Name Of The Game.mp3"
Dec 01 23:21 : player: played "Love Is The Name Of The Game.mp3"
Dec 02 13:12 : player: played "Love Is The Name Of The Game.mp3"
Dec 02 13:18 : player: played "Love Is The Name Of The Game.mp3"
Dec 02 14:04 : player: played "Love Is The Name Of The Game.mp3"
Dec 02 14:08 : player: played "Love Is The Name Of The Game.mp3"
Dec 02 18:52 : player: played "Love Is The Name Of The Game.mp3"
Dec 02 18:56 : player: played "Love Is The Name Of The Game.mp3"
Dec 02 19:00 : player: played "Love Is The Name Of The Game.mp3"
Dec 03 00:22 : player: played "Love Is The Name Of The Game.mp3"
Dec 03 00:25 : player: played "Love Is The Name Of The Game.mp3"
Dec 03 00:29 : player: played "Love Is The Name Of The Game.mp3"
Dec 03 00:33 : player: played "Love Is The Name Of The Game.mp3"
Dec 03 00:36 : player: played "Love Is The Name Of The Game.mp3"
Dec 03 00:40 : player: played "Love Is The Name Of The Game.mp3"
Dec 03 00:43 : player: played "Love Is The Name Of The Game.mp3"
Dec 03 00:47 : player: played "Love Is The Name Of The Game.mp3"
Dec 03 00:51 : player: played "Love Is The Name Of The Game.mp3"
Dec 03 00:54 : player: played "Love Is The Name Of The Game.mp3"
Dec 03 00:58 : player: played "Love Is The Name Of The Game.mp3"
Dec 03 01:01 : player: played "Love Is The Name Of The Game.mp3"
Dec 03 01:05 : player: played "Love Is The Name Of The Game.mp3"
Dec 03 01:09 : player: played "Love Is The Name Of The Game.mp3"
Dec 03 01:12 : player: played "Love Is The Name Of The Game.mp3"
Dec 03 01:16 : player: played "Love Is The Name Of The Game.mp3"
Dec 03 01:19 : player: played "Love Is The Name Of The Game.mp3"
Dec 03 01:23 : player: played "Love Is The Name Of The Game.mp3"
Dec 03 01:27 : player: played "Love Is The Name Of The Game.mp3"
Dec 03 01:30 : player: played "Love Is The Name Of The Game.mp3"
Dec 03 01:34 : player: played "Love Is The Name Of The Game.mp3"
Dec 03 01:37 : player: played "Love Is The Name Of The Game.mp3"
Dec 03 01:41 : player: played "Love Is The Name Of The Game.mp3"
Dec 03 01:45 : player: played "Love Is The Name Of The Game.mp3"
Dec 03 01:48 : player: played "Love Is The Name Of The Game.mp3"
Dec 03 01:52 : player: played "Love Is The Name Of The Game.mp3"
Dec 03 01:55 : player: played "Love Is The Name Of The Game.mp3"
Dec 03 01:59 : player: played "Love Is The Name Of The Game.mp3"
Dec 03 02:03 : player: played "Love Is The Name Of The Game.mp3"
Dec 03 02:06 : player: played "Love Is The Name Of The Game.mp3"
Dec 03 02:10 : player: played "Love Is The Name Of The Game.mp3"
Dec 03 02:14 : player: played "Love Is The Name Of The Game.mp3"
Dec 03 02:17 : player: played "Love Is The Name Of The Game.mp3"
Dec 03 02:21 : player: played "Love Is The Name Of The Game.mp3"
Dec 03 02:24 : player: played "Love Is The Name Of The Game.mp3"
Dec 03 02:28 : player: played "Love Is The Name Of The Game.mp3"
Dec 03 02:32 : player: played "Love Is The Name Of The Game.mp3"
Dec 03 02:35 : player: played "Love Is The Name Of The Game.mp3"
Dec 03 02:39 : player: played "Love Is The Name Of The Game.mp3"
Dec 03 02:42 : player: played "Love Is The Name Of The Game.mp3"
Dec 03 02:46 : player: played "Love Is The Name Of The Game.mp3"
Dec 03 02:50 : player: played "Love Is The Name Of The Game.mp3"
Dec 03 02:53 : player: played "Love Is The Name Of The Game.mp3"
Dec 03 02:57 : player: played "Love Is The Name Of The Game.mp3"
Dec 03 03:00 : player: played "Love Is The Name Of The Game.mp3"
Dec 03 03:04 : player: played "Love Is The Name Of The Game.mp3"
Dec 03 03:08 : player: played "Love Is The Name Of The Game.mp3"
Dec 03 03:11 : player: played "Love Is The Name Of The Game.mp3"
Dec 03 07:36 : player: played "Love Is The Name Of The Game.mp3"
Dec 03 12:14 : player: played "Love Is The Name Of The Game.mp3"
Dec 04 03:28 : player: played "Love Is The Name Of The Game.mp3"
Dec 04 16:57 : player: played "Love Is The Name Of The Game.mp3"
Dec 04 17:00 : player: played "Love Is The Name Of The Game.mp3"
Dec 04 17:18 : player: played "Love Is The Name Of The Game.mp3"
Dec 04 21:10 : player: played "Love Is The Name Of The Game.mp3"
                                                                 Dec 04 23:45 : exception: Failed to open /home/ozil/.mpd/playlists: No such file or directory
WARNING: Unhandled message: interface=org.freedesktop.DBus, path=/org/freedesktop/DBus, member=ActivatableServicesChanged
WARNING: Unhandled message: interface=org.freedesktop.DBus, path=/org/freedesktop/DBus, member=ActivatableServicesChanged
WARNING: Unhandled message: interface=org.freedesktop.DBus, path=/org/freedesktop/DBus, member=ActivatableServicesChanged
WARNING: Unhandled message: interface=org.freedesktop.DBus, path=/org/freedesktop/DBus, member=ActivatableServicesChanged
WARNING: Unhandled message: interface=org.freedesktop.DBus, path=/org/freedesktop/DBus, member=ActivatableServicesChanged
WARNING: Unhandled message: interface=org.freedesktop.DBus, path=/org/freedesktop/DBus, member=ActivatableServicesChanged
Dec 05 03:40 : player: played "Niko Pandetta- Pistole Nella Fendi.mp3"
WARNING: Unhandled message: interface=org.freedesktop.DBus, path=/org/freedesktop/DBus, member=ActivatableServicesChanged
WARNING: Unhandled message: interface=org.freedesktop.DBus, path=/org/freedesktop/DBus, member=ActivatableServicesChanged
WARNING: Unhandled message: interface=org.freedesktop.DBus, path=/org/freedesktop/DBus, member=ActivatableServicesChanged
Dec 06 00:51 : player: played "Niko Pandetta- Pistole Nella Fendi.mp3"
Dec 06 05:54 : player: played "Niko Pandetta- Pistole Nella Fendi.mp3"
Dec 06 05:57 : player: played "Niko Pandetta- Pistole Nella Fendi.mp3"
Dec 06 09:13 : player: played "Niko Pandetta- Pistole Nella Fendi.mp3"
Dec 06 10:15 : player: played "Niko Pandetta- Pistole Nella Fendi.mp3"
Dec 07 00:06 : player: played "Niko Pandetta- Pistole Nella Fendi.mp3"
Dec 08 02:19 : player: played "Niko Pandetta- Pistole Nella Fendi.mp3"
Dec 08 05:27 : player: played "Niko Pandetta- Pistole Nella Fendi.mp3"
Dec 09 02:23 : player: played "Niko Pandetta- Pistole Nella Fendi.mp3"
WARNING: Unhandled message: interface=org.freedesktop.DBus, path=/org/freedesktop/DBus, member=ActivatableServicesChanged
WARNING: Unhandled message: interface=org.freedesktop.DBus, path=/org/freedesktop/DBus, member=ActivatableServicesChanged
WARNING: Unhandled message: interface=org.freedesktop.DBus, path=/org/freedesktop/DBus, member=ActivatableServicesChanged
WARNING: Unhandled message: interface=org.freedesktop.DBus, path=/org/freedesktop/DBus, member=ActivatableServicesChanged
WARNING: Unhandled message: interface=org.freedesktop.DBus, path=/org/freedesktop/DBus, member=ActivatableServicesChanged
Dec 09 13:49 : player: played "Niko Pandetta- Pistole Nella Fendi.mp3"
Dec 09 20:38 : player: played "Niko Pandetta- Pistole Nella Fendi.mp3"
WARNING: Unhandled message: interface=org.freedesktop.DBus, path=/org/freedesktop/DBus, member=ActivatableServicesChanged
WARNING: Unhandled message: interface=org.freedesktop.DBus, path=/org/freedesktop/DBus, member=ActivatableServicesChanged
WARNING: Unhandled message: interface=org.freedesktop.DBus, path=/org/freedesktop/DBus, member=ActivatableServicesChanged
WARNING: Unhandled message: interface=org.freedesktop.DBus, path=/org/freedesktop/DBus, member=ActivatableServicesChanged
WARNING: Unhandled message: interface=org.freedesktop.DBus, path=/org/freedesktop/DBus, member=ActivatableServicesChanged
WARNING: Unhandled message: interface=org.freedesktop.DBus, path=/org/freedesktop/DBus, member=ActivatableServicesChanged
WARNING: Unhandled message: interface=org.freedesktop.DBus, path=/org/freedesktop/DBus, member=ActivatableServicesChanged
WARNING: Unhandled message: interface=org.freedesktop.DBus, path=/org/freedesktop/DBus, member=ActivatableServicesChanged
WARNING: Unhandled message: interface=org.freedesktop.DBus, path=/org/freedesktop/DBus, member=ActivatableServicesChanged
Dec 10 02:10 : player: played "Niko Pandetta- Pistole Nella Fendi.mp3"
Dec 11 03:29 : player: played "Niko Pandetta- Pistole Nella Fendi.mp3"
Dec 11 10:12 : player: played "Niko Pandetta- Pistole Nella Fendi.mp3"
Dec 11 12:02 : player: played "Love Is The Name Of The Game.mp3"
Dec 11 12:11 : player: played "Stay With Me Tonight.mp3"
Dec 11 12:15 : player: played "Stern des Sudens _ FC Bayern.mp3"
Dec 11 14:26 : player: played "The Final Countdown - Europe.mp3"
Dec 11 15:29 : player: played "The Final Countdown - Europe.mp3"
WARNING: Unhandled message: interface=org.freedesktop.DBus, path=/org/freedesktop/DBus, member=ActivatableServicesChanged
WARNING: Unhandled message: interface=org.freedesktop.DBus, path=/org/freedesktop/DBus, member=ActivatableServicesChanged
WARNING: Unhandled message: interface=org.freedesktop.DBus, path=/org/freedesktop/DBus, member=ActivatableServicesChanged
Dec 12 00:28 : exception: Failed to open /home/ozil/.mpd/playlists: No such file or directory
Dec 12 00:28 : update: added /warriyo-mortals-RGjIYW6EBO.mp3
Dec 12 00:28 : update: added /Syn Cole - Gizmo [NCS Release].mp3
Dec 12 00:28 : exception: Failed to open /home/ozil/.mpd/playlists: No such file or directory
Dec 12 00:30 : update: updating /Syn Cole - Gizmo [NCS Release].mp3
Dec 12 01:58 : player: played "Syn Cole - Gizmo [NCS Release].mp3"
Dec 12 09:03 : player: played "Syn Cole - Gizmo [NCS Release].mp3"
Dec 12 23:48 : player: played "warriyo-mortals-RGjIYW6EBO.mp3"
Dec 12 23:51 : player: played "warriyo-mortals-RGjIYW6EBO.mp3"
Dec 12 23:54 : player: played "warriyo-mortals-RGjIYW6EBO.mp3"
Dec 12 23:58 : player: played "warriyo-mortals-RGjIYW6EBO.mp3"
Dec 13 00:02 : player: played "warriyo-mortals-RGjIYW6EBO.mp3"
Dec 13 00:06 : player: played "warriyo-mortals-RGjIYW6EBO.mp3"
Dec 13 00:10 : player: played "warriyo-mortals-RGjIYW6EBO.mp3"
Dec 13 00:13 : player: played "warriyo-mortals-RGjIYW6EBO.mp3"
Dec 13 01:36 : exception: Failed to open /home/ozil/.mpd/playlists: No such file or directory
Dec 13 01:36 : update: updating /Syn Cole - Gizmo [NCS Release].mp3
Dec 13 02:51 : player: played "warriyo-mortals-RGjIYW6EBO.mp3"
Dec 13 08:16 : player: played "warriyo-mortals-RGjIYW6EBO.mp3"
Dec 13 11:38 : player: played "warriyo-mortals-RGjIYW6EBO.mp3"
Dec 13 20:55 : player: played "warriyo-mortals-RGjIYW6EBO.mp3"
Dec 14 00:45 : player: played "warriyo-mortals-RGjIYW6EBO.mp3"
Dec 14 17:54 : player: played "warriyo-mortals-RGjIYW6EBO.mp3"
Dec 14 20:13 : player: played "warriyo-mortals-RGjIYW6EBO.mp3"
Dec 15 01:07 : player: played "warriyo-mortals-RGjIYW6EBO.mp3"
Dec 15 13:39 : player: played "warriyo-mortals-RGjIYW6EBO.mp3"
Dec 16 00:35 : player: played "warriyo-mortals-RGjIYW6EBO.mp3"
Dec 16 00:38 : player: played "warriyo-mortals-RGjIYW6EBO.mp3"
Dec 16 00:42 : player: played "warriyo-mortals-RGjIYW6EBO.mp3"
Dec 16 00:46 : player: played "warriyo-mortals-RGjIYW6EBO.mp3"
Dec 16 00:50 : player: played "warriyo-mortals-RGjIYW6EBO.mp3"
Dec 16 00:54 : player: played "warriyo-mortals-RGjIYW6EBO.mp3"
Dec 16 03:51 : player: played "warriyo-mortals-RGjIYW6EBO.mp3"
Dec 16 13:28 : exception: Failed to open /home/ozil/.mpd/playlists: No such file or directory
Dec 16 13:28 : update: removing MGK - Invincible .mp3
Dec 16 13:28 : update: removing Love Tonight.mp3
Dec 16 13:28 : exception: Failed to open /home/ozil/.mpd/playlists: No such file or directory
Dec 16 13:28 : player: played "warriyo-mortals-RGjIYW6EBO.mp3"
Dec 16 13:51 : player: played "warriyo-mortals-RGjIYW6EBO.mp3"
WARNING: Unhandled message: interface=org.freedesktop.DBus, path=/org/freedesktop/DBus, member=ActivatableServicesChanged
WARNING: Unhandled message: interface=org.freedesktop.DBus, path=/org/freedesktop/DBus, member=ActivatableServicesChanged
WARNING: Unhandled message: interface=org.freedesktop.DBus, path=/org/freedesktop/DBus, member=ActivatableServicesChanged
WARNING: Unhandled message: interface=org.freedesktop.DBus, path=/org/freedesktop/DBus, member=ActivatableServicesChanged
WARNING: Unhandled message: interface=org.freedesktop.DBus, path=/org/freedesktop/DBus, member=ActivatableServicesChanged
WARNING: Unhandled message: interface=org.freedesktop.DBus, path=/org/freedesktop/DBus, member=ActivatableServicesChanged
Dec 17 00:15 : player: played "warriyo-mortals-RGjIYW6EBO.mp3"
Dec 17 09:06 : player: played "warriyo-mortals-RGjIYW6EBO.mp3"
Dec 17 21:05 : player: played "warriyo-mortals-RGjIYW6EBO.mp3"
Dec 17 21:59 : player: played "warriyo-mortals-RGjIYW6EBO.mp3"
Dec 17 22:03 : player: played "warriyo-mortals-RGjIYW6EBO.mp3"
Dec 17 22:06 : player: played "warriyo-mortals-RGjIYW6EBO.mp3"
Dec 17 22:10 : player: played "warriyo-mortals-RGjIYW6EBO.mp3"
Dec 17 22:14 : player: played "warriyo-mortals-RGjIYW6EBO.mp3"
Dec 17 22:18 : player: played "warriyo-mortals-RGjIYW6EBO.mp3"
Dec 18 02:14 : player: played "warriyo-mortals-RGjIYW6EBO.mp3"
Dec 18 14:00 : player: played "warriyo-mortals-RGjIYW6EBO.mp3"
Dec 18 16:10 : player: played "warriyo-mortals-RGjIYW6EBO.mp3"
WARNING: Unhandled message: interface=org.freedesktop.DBus, path=/org/freedesktop/DBus, member=ActivatableServicesChanged
WARNING: Unhandled message: interface=org.freedesktop.DBus, path=/org/freedesktop/DBus, member=ActivatableServicesChanged
WARNING: Unhandled message: interface=org.freedesktop.DBus, path=/org/freedesktop/DBus, member=ActivatableServicesChanged
Dec 19 00:47 : player: played "warriyo-mortals-RGjIYW6EBO.mp3"
WARNING: Unhandled message: interface=org.freedesktop.DBus, path=/org/freedesktop/DBus, member=ActivatableServicesChanged
WARNING: Unhandled message: interface=org.freedesktop.DBus, path=/org/freedesktop/DBus, member=ActivatableServicesChanged
WARNING: Unhandled message: interface=org.freedesktop.DBus, path=/org/freedesktop/DBus, member=ActivatableServicesChanged
WARNING: Unhandled message: interface=org.freedesktop.DBus, path=/org/freedesktop/DBus, member=ActivatableServicesChanged
Dec 19 22:57 : player: played "Love Is The Name Of The Game.mp3"
Dec 20 00:35 : player: played "Love Is The Name Of The Game.mp3"
Dec 20 06:13 : player: played "Love Is The Name Of The Game.mp3"
Dec 20 09:51 : player: played "Love Is The Name Of The Game.mp3"
Dec 20 20:01 : player: played "Love Is The Name Of The Game.mp3"
WARNING: Unhandled message: interface=org.freedesktop.DBus, path=/org/freedesktop/DBus, member=ActivatableServicesChanged
WARNING: Unhandled message: interface=org.freedesktop.DBus, path=/org/freedesktop/DBus, member=ActivatableServicesChanged
WARNING: Unhandled message: interface=org.freedesktop.DBus, path=/org/freedesktop/DBus, member=ActivatableServicesChanged
WARNING: Unhandled message: interface=org.freedesktop.DBus, path=/org/freedesktop/DBus, member=ActivatableServicesChanged
WARNING: Unhandled message: interface=org.freedesktop.DBus, path=/org/freedesktop/DBus, member=ActivatableServicesChanged
WARNING: Unhandled message: interface=org.freedesktop.DBus, path=/org/freedesktop/DBus, member=ActivatableServicesChanged
WARNING: Unhandled message: interface=org.freedesktop.DBus, path=/org/freedesktop/DBus, member=ActivatableServicesChanged
Dec 21 02:24 : player: played "Love Is The Name Of The Game.mp3"
Dec 22 01:11 : player: played "Love Is The Name Of The Game.mp3"
Dec 22 07:52 : player: played "Love Is The Name Of The Game.mp3"
WARNING: Unhandled message: interface=org.freedesktop.DBus, path=/org/freedesktop/DBus, member=ActivatableServicesChanged
WARNING: Unhandled message: interface=org.freedesktop.DBus, path=/org/freedesktop/DBus, member=ActivatableServicesChanged
WARNING: Unhandled message: interface=org.freedesktop.DBus, path=/org/freedesktop/DBus, member=ActivatableServicesChanged
WARNING: Unhandled message: interface=org.freedesktop.DBus, path=/org/freedesktop/DBus, member=ActivatableServicesChanged
WARNING: Unhandled message: interface=org.freedesktop.DBus, path=/org/freedesktop/DBus, member=ActivatableServicesChanged
WARNING: Unhandled message: interface=org.freedesktop.DBus, path=/org/freedesktop/DBus, member=ActivatableServicesChanged
Dec 22 08:29 : player: played "Love Is The Name Of The Game.mp3"
Dec 23 01:37 : player: played "Love Is The Name Of The Game.mp3"
Dec 23 16:08 : player: played "Love Is The Name Of The Game.mp3"
Dec 23 16:10 : player: played "Love Is The Name Of The Game.mp3"
Dec 23 16:11 : player: played "Love Is The Name Of The Game.mp3"
Dec 23 16:22 : player: played "Love Is The Name Of The Game.mp3"
Dec 23 16:25 : player: played "Love Is The Name Of The Game.mp3"
Dec 24 00:43 : player: played "Love Is The Name Of The Game.mp3"
Dec 24 16:08 : player: played "Love Is The Name Of The Game.mp3"
Dec 25 00:56 : player: played "Love Is The Name Of The Game.mp3"
Dec 25 02:49 : player: played "Love Is The Name Of The Game.mp3"
Dec 25 09:51 : player: played "Love Is The Name Of The Game.mp3"
Dec 25 10:25 : player: played "Love Is The Name Of The Game.mp3"
Dec 25 22:52 : player: played "Love Is The Name Of The Game.mp3"
Dec 26 03:42 : player: played "Love Is The Name Of The Game.mp3"
Dec 27 01:43 : player: played "Love Is The Name Of The Game.mp3"
Dec 27 09:33 : player: played "Love Is The Name Of The Game.mp3"
Dec 27 16:45 : player: played "Love Is The Name Of The Game.mp3"
Dec 27 21:24 : player: played "Love Is The Name Of The Game.mp3"
WARNING: Unhandled message: interface=org.freedesktop.DBus, path=/org/freedesktop/DBus, member=ActivatableServicesChanged
WARNING: Unhandled message: interface=org.freedesktop.DBus, path=/org/freedesktop/DBus, member=ActivatableServicesChanged
WARNING: Unhandled message: interface=org.freedesktop.DBus, path=/org/freedesktop/DBus, member=ActivatableServicesChanged
WARNING: Unhandled message: interface=org.freedesktop.DBus, path=/org/freedesktop/DBus, member=ActivatableServicesChanged
WARNING: Unhandled message: interface=org.freedesktop.DBus, path=/org/freedesktop/DBus, member=ActivatableServicesChanged
WARNING: Unhandled message: interface=org.freedesktop.DBus, path=/org/freedesktop/DBus, member=ActivatableServicesChanged
Dec 29 00:36 : player: played "Love Is The Name Of The Game.mp3"
Dec 29 01:18 : player: played "Love Is The Name Of The Game.mp3"
Dec 29 06:22 : player: played "Love Is The Name Of The Game.mp3"
Dec 29 09:29 : player: played "Love Is The Name Of The Game.mp3"
Dec 30 20:09 : player: played "Love Is The Name Of The Game.mp3"
WARNING: Unhandled message: interface=org.freedesktop.DBus, path=/org/freedesktop/DBus, member=ActivatableServicesChanged
WARNING: Unhandled message: interface=org.freedesktop.DBus, path=/org/freedesktop/DBus, member=ActivatableServicesChanged
WARNING: Unhandled message: interface=org.freedesktop.DBus, path=/org/freedesktop/DBus, member=ActivatableServicesChanged
WARNING: Unhandled message: interface=org.freedesktop.DBus, path=/org/freedesktop/DBus, member=ActivatableServicesChanged
WARNING: Unhandled message: interface=org.freedesktop.DBus, path=/org/freedesktop/DBus, member=ActivatableServicesChanged
Dec 31 00:59 : player: played "Love Is The Name Of The Game.mp3"
Dec 31 11:05 : player: played "Love Is The Name Of The Game.mp3"
Dec 31 15:30 : player: played "Love Is The Name Of The Game.mp3"
Dec 31 15:49 : player: played "Love Is The Name Of The Game.mp3"
Dec 31 16:31 : player: played "Love Is The Name Of The Game.mp3"
Jan 01 03:38 : player: played "Love Is The Name Of The Game.mp3"
Jan 02 03:34 : player: played "Love Is The Name Of The Game.mp3"
Jan 02 13:59 : exception: Failed to open /home/ozil/.mpd/playlists: No such file or directory
Jan 02 13:59 : player: played "Love Is The Name Of The Game.mp3"
Jan 02 14:22 : player: played "Olivia Addams - I'm Lost.mp3"
Jan 02 14:34 : player: played "Olivia Addams - I'm Lost.mp3"
Jan 02 14:35 : exception: Not playing
Jan 02 14:35 : exception: Failed to open /home/ozil/.mpd/playlists: No such file or directory
Jan 02 22:01 : player: played "Madonna - La Isla Bonita.mp3"
Jan 02 22:02 : player: played "Eye of the Tiger.mp3"
Jan 02 22:45 : player: played "Eye of the Tiger.mp3"
Jan 03 23:36 : player: played "Eye of the Tiger.mp3"
Jan 04 18:55 : player: played "Madonna - La Isla Bonita.mp3"
WARNING: Unhandled message: interface=org.freedesktop.DBus, path=/org/freedesktop/DBus, member=ActivatableServicesChanged
WARNING: Unhandled message: interface=org.freedesktop.DBus, path=/org/freedesktop/DBus, member=ActivatableServicesChanged
WARNING: Unhandled message: interface=org.freedesktop.DBus, path=/org/freedesktop/DBus, member=ActivatableServicesChanged
WARNING: Unhandled message: interface=org.freedesktop.DBus, path=/org/freedesktop/DBus, member=ActivatableServicesChanged
Jan 04 22:06 : player: played "Madonna - La Isla Bonita.mp3"
Jan 04 22:10 : player: played "Madonna - La Isla Bonita.mp3"
Jan 04 22:14 : player: played "Madonna - La Isla Bonita.mp3"
Jan 04 22:18 : player: played "Madonna - La Isla Bonita.mp3"
Jan 04 22:22 : player: played "Madonna - La Isla Bonita.mp3"
Jan 04 22:26 : player: played "Madonna - La Isla Bonita.mp3"
Jan 04 22:30 : player: played "Madonna - La Isla Bonita.mp3"
Jan 04 22:34 : player: played "Madonna - La Isla Bonita.mp3"
Jan 04 22:38 : player: played "Madonna - La Isla Bonita.mp3"
Jan 04 22:42 : player: played "Madonna - La Isla Bonita.mp3"
Jan 04 22:46 : player: played "Madonna - La Isla Bonita.mp3"
Jan 04 22:50 : player: played "Madonna - La Isla Bonita.mp3"
Jan 05 02:31 : player: played "Madonna - La Isla Bonita.mp3"
WARNING: Unhandled message: interface=org.freedesktop.DBus, path=/org/freedesktop/DBus, member=ActivatableServicesChanged
WARNING: Unhandled message: interface=org.freedesktop.DBus, path=/org/freedesktop/DBus, member=ActivatableServicesChanged
WARNING: Unhandled message: interface=org.freedesktop.DBus, path=/org/freedesktop/DBus, member=ActivatableServicesChanged
WARNING: Unhandled message: interface=org.freedesktop.DBus, path=/org/freedesktop/DBus, member=ActivatableServicesChanged
Jan 06 00:37 : player: played "Olivia Addams - I'm Lost.mp3"
Jan 06 13:49 : player: played "Olivia Addams - I'm Lost.mp3"
Jan 06 23:55 : player: played "Olivia Addams - I'm Lost.mp3"
WARNING: Unhandled message: interface=org.freedesktop.DBus, path=/org/freedesktop/DBus, member=ActivatableServicesChanged
WARNING: Unhandled message: interface=org.freedesktop.DBus, path=/org/freedesktop/DBus, member=ActivatableServicesChanged
WARNING: Unhandled message: interface=org.freedesktop.DBus, path=/org/freedesktop/DBus, member=ActivatableServicesChanged
Jan 08 00:57 : player: played "Olivia Addams - I'm Lost.mp3"
Jan 08 06:04 : player: played "Olivia Addams - I'm Lost.mp3"
Jan 08 06:44 : player: played "Olivia Addams - I'm Lost.mp3"
Jan 09 00:26 : player: played "Olivia Addams - I'm Lost.mp3"
Jan 09 00:49 : player: played "Olivia Addams - I'm Lost.mp3"
Jan 10 03:04 : player: played "Olivia Addams - I'm Lost.mp3"
Jan 10 16:54 : player: played "Olivia Addams - I'm Lost.mp3"
Jan 11 01:18 : player: played "Olivia Addams - I'm Lost.mp3"
Jan 11 06:12 : player: played "Olivia Addams - I'm Lost.mp3"
Jan 11 19:58 : player: played "Olivia Addams - I'm Lost.mp3"
Jan 11 22:59 : player: played "Olivia Addams - I'm Lost.mp3"
Jan 12 02:32 : player: played "Olivia Addams - I'm Lost.mp3"
WARNING: Unhandled message: interface=org.freedesktop.DBus, path=/org/freedesktop/DBus, member=ActivatableServicesChanged
WARNING: Unhandled message: interface=org.freedesktop.DBus, path=/org/freedesktop/DBus, member=ActivatableServicesChanged
WARNING: Unhandled message: interface=org.freedesktop.DBus, path=/org/freedesktop/DBus, member=ActivatableServicesChanged
WARNING: Unhandled message: interface=org.freedesktop.DBus, path=/org/freedesktop/DBus, member=ActivatableServicesChanged
WARNING: Unhandled message: interface=org.freedesktop.DBus, path=/org/freedesktop/DBus, member=ActivatableServicesChanged
WARNING: Unhandled message: interface=org.freedesktop.DBus, path=/org/freedesktop/DBus, member=ActivatableServicesChanged
Jan 13 20:39 : player: played "Olivia Addams - I'm Lost.mp3"
Jan 14 01:41 : player: played "Olivia Addams - I'm Lost.mp3"
Jan 14 22:02 : player: played "Olivia Addams - I'm Lost.mp3"
Jan 15 03:42 : player: played "Olivia Addams - I'm Lost.mp3"
Jan 16 00:46 : player: played "Olivia Addams - I'm Lost.mp3"
Jan 16 06:43 : player: played "Olivia Addams - I'm Lost.mp3"
WARNING: Unhandled message: interface=org.freedesktop.DBus, path=/org/freedesktop/DBus, member=ActivatableServicesChanged
WARNING: Unhandled message: interface=org.freedesktop.DBus, path=/org/freedesktop/DBus, member=ActivatableServicesChanged
WARNING: Unhandled message: interface=org.freedesktop.DBus, path=/org/freedesktop/DBus, member=ActivatableServicesChanged
Jan 17 01:56 : player: played "Olivia Addams - I'm Lost.mp3"
Jan 17 16:02 : player: played "Olivia Addams - I'm Lost.mp3"
Jan 17 23:29 : player: played "Olivia Addams - I'm Lost.mp3"
Jan 18 02:44 : player: played "Olivia Addams - I'm Lost.mp3"
Jan 18 13:38 : player: played "Olivia Addams - I'm Lost.mp3"
Jan 18 15:02 : player: played "Olivia Addams - I'm Lost.mp3"
Jan 19 00:12 : player: played "Olivia Addams - I'm Lost.mp3"
Jan 19 15:22 : player: played "Olivia Addams - I'm Lost.mp3"
WARNING: Unhandled message: interface=org.freedesktop.DBus, path=/org/freedesktop/DBus, member=ActivatableServicesChanged
WARNING: Unhandled message: interface=org.freedesktop.DBus, path=/org/freedesktop/DBus, member=ActivatableServicesChanged
WARNING: Unhandled message: interface=org.freedesktop.DBus, path=/org/freedesktop/DBus, member=ActivatableServicesChanged
Jan 20 01:47 : player: played "Olivia Addams - I'm Lost.mp3"
Jan 20 17:23 : player: played "Olivia Addams - I'm Lost.mp3"
Jan 21 00:48 : player: played "Olivia Addams - I'm Lost.mp3"
Jan 21 11:35 : player: played "Olivia Addams - I'm Lost.mp3"
WARNING: Unhandled message: interface=org.freedesktop.DBus, path=/org/freedesktop/DBus, member=ActivatableServicesChanged
WARNING: Unhandled message: interface=org.freedesktop.DBus, path=/org/freedesktop/DBus, member=ActivatableServicesChanged
WARNING: Unhandled message: interface=org.freedesktop.DBus, path=/org/freedesktop/DBus, member=ActivatableServicesChanged
Jan 21 14:24 : player: played "Olivia Addams - I'm Lost.mp3"
Jan 21 21:58 : player: played "Olivia Addams - I'm Lost.mp3"
Jan 22 00:29 : player: played "Olivia Addams - I'm Lost.mp3"
Jan 22 06:54 : player: played "Olivia Addams - I'm Lost.mp3"
Jan 23 04:35 : player: played "Olivia Addams - I'm Lost.mp3"
Jan 24 00:48 : player: played "Olivia Addams - I'm Lost.mp3"
Jan 24 06:44 : player: played "Olivia Addams - I'm Lost.mp3"
Jan 24 22:06 : exception: Failed to open /home/ozil/.mpd/playlists: No such file or directory
Jan 24 22:06 : update: added /In Havana.mp3
Jan 24 22:06 : exception: Failed to open /home/ozil/.mpd/playlists: No such file or directory
Jan 24 22:06 : player: played "Olivia Addams - I'm Lost.mp3"
Jan 24 22:07 : update: updating /In Havana.mp3
Jan 24 22:12 : player: played "In Havana.mp3"
Jan 24 22:17 : player: played "In Havana.mp3"
Jan 24 22:22 : player: played "In Havana.mp3"
Jan 24 22:27 : player: played "In Havana.mp3"
Jan 24 22:32 : player: played "In Havana.mp3"
Jan 24 22:38 : player: played "In Havana.mp3"
Jan 24 22:43 : player: played "In Havana.mp3"
Jan 24 22:48 : player: played "In Havana.mp3"
Jan 24 22:53 : player: played "In Havana.mp3"
Jan 24 22:58 : player: played "In Havana.mp3"
Jan 24 23:03 : player: played "In Havana.mp3"
Jan 24 23:08 : player: played "In Havana.mp3"
Jan 24 23:13 : player: played "In Havana.mp3"
Jan 24 23:19 : player: played "In Havana.mp3"
Jan 24 23:24 : player: played "In Havana.mp3"
Jan 25 03:27 : player: played "In Havana.mp3"
WARNING: Unhandled message: interface=org.freedesktop.DBus, path=/org/freedesktop/DBus, member=ActivatableServicesChanged
WARNING: Unhandled message: interface=org.freedesktop.DBus, path=/org/freedesktop/DBus, member=ActivatableServicesChanged
WARNING: Unhandled message: interface=org.freedesktop.DBus, path=/org/freedesktop/DBus, member=ActivatableServicesChanged
WARNING: Unhandled message: interface=org.freedesktop.DBus, path=/org/freedesktop/DBus, member=ActivatableServicesChanged
Jan 25 13:03 : player: played "In Havana.mp3"
Jan 25 15:02 : player: played "In Havana.mp3"
Jan 25 15:07 : player: played "In Havana.mp3"
Jan 25 21:05 : player: played "In Havana.mp3"
Jan 26 00:59 : player: played "In Havana.mp3"
Jan 26 15:09 : player: played "In Havana.mp3"
Jan 26 17:00 : player: played "In Havana.mp3"
Jan 26 20:48 : player: played "Love Is The Name Of The Game.mp3"
Jan 26 20:52 : player: played "Love Is The Name Of The Game.mp3"
Jan 26 20:55 : player: played "Love Is The Name Of The Game.mp3"
Jan 26 20:59 : player: played "Love Is The Name Of The Game.mp3"
Jan 26 21:03 : player: played "Love Is The Name Of The Game.mp3"
Jan 26 21:06 : player: played "Love Is The Name Of The Game.mp3"
Jan 26 21:10 : player: played "Love Is The Name Of The Game.mp3"
Jan 26 21:16 : player: played "In Havana.mp3"
Jan 26 21:22 : player: played "In Havana.mp3"
Jan 26 21:27 : player: played "In Havana.mp3"
Jan 26 21:32 : player: played "In Havana.mp3"
Jan 26 21:37 : player: played "In Havana.mp3"
Jan 26 21:44 : player: played "Shakira & Rihanna - Can't Remember to Forget You.mp3"
Jan 26 21:47 : player: played "Shakira & Rihanna - Can't Remember to Forget You.mp3"
Jan 26 21:51 : player: played "Shakira & Rihanna - Can't Remember to Forget You.mp3"
Jan 26 21:54 : player: played "Shakira & Rihanna - Can't Remember to Forget You.mp3"
Jan 26 22:05 : player: played "Should I Stay Should I Go.mp3"
Jan 26 22:08 : player: played "Should I Stay Should I Go.mp3"
Jan 26 22:12 : player: played "Should I Stay Should I Go.mp3"
Jan 26 22:18 : player: played "In Havana.mp3"
WARNING: Unhandled message: interface=org.freedesktop.DBus, path=/org/freedesktop/DBus, member=ActivatableServicesChanged
WARNING: Unhandled message: interface=org.freedesktop.DBus, path=/org/freedesktop/DBus, member=ActivatableServicesChanged
WARNING: Unhandled message: interface=org.freedesktop.DBus, path=/org/freedesktop/DBus, member=ActivatableServicesChanged
WARNING: Unhandled message: interface=org.freedesktop.DBus, path=/org/freedesktop/DBus, member=ActivatableServicesChanged
WARNING: Unhandled message: interface=org.freedesktop.DBus, path=/org/freedesktop/DBus, member=ActivatableServicesChanged
WARNING: Unhandled message: interface=org.freedesktop.DBus, path=/org/freedesktop/DBus, member=ActivatableServicesChanged
Jan 26 22:21 : player: played "In Havana.mp3"
Jan 27 04:21 : player: played "Eye of the Tiger.mp3"
Jan 27 12:43 : player: played "Eye of the Tiger.mp3"
Jan 27 12:47 : player: played "Eye of the Tiger.mp3"
Jan 27 12:51 : player: played "Eye of the Tiger.mp3"
Jan 27 12:55 : player: played "Eye of the Tiger.mp3"
Jan 27 12:59 : player: played "Eye of the Tiger.mp3"
Jan 27 13:03 : player: played "Eye of the Tiger.mp3"
Jan 27 13:07 : player: played "Eye of the Tiger.mp3"
Jan 27 13:11 : player: played "Eye of the Tiger.mp3"
Jan 27 13:15 : player: played "Eye of the Tiger.mp3"
Jan 27 13:19 : player: played "Eye of the Tiger.mp3"
Jan 27 13:23 : player: played "Eye of the Tiger.mp3"
Jan 27 13:27 : player: played "Eye of the Tiger.mp3"
Jan 27 13:47 : player: played "Eye of the Tiger.mp3"
Jan 27 13:56 : player: played "In Havana.mp3"
Jan 27 14:01 : player: played "In Havana.mp3"
Jan 27 14:06 : player: played "In Havana.mp3"
Jan 27 14:11 : player: played "In Havana.mp3"
Jan 27 14:54 : player: played "In Havana.mp3"
Jan 27 14:55 : player: played "Shakira & Rihanna - Can't Remember to Forget You.mp3"
Jan 27 16:40 : player: played "Solo - RiveR  .mp3"
Jan 27 16:43 : player: played "Solo - RiveR  .mp3"
Jan 27 16:47 : player: played "Solo - RiveR  .mp3"
Jan 27 16:51 : player: played "Solo - RiveR  .mp3"
Jan 27 16:55 : player: played "Solo - RiveR  .mp3"
Jan 27 21:09 : player: played "Solo - RiveR  .mp3"
Jan 28 01:38 : player: played "Solo - RiveR  .mp3"
WARNING: Unhandled message: interface=org.freedesktop.DBus, path=/org/freedesktop/DBus, member=ActivatableServicesChanged
WARNING: Unhandled message: interface=org.freedesktop.DBus, path=/org/freedesktop/DBus, member=ActivatableServicesChanged
WARNING: Unhandled message: interface=org.freedesktop.DBus, path=/org/freedesktop/DBus, member=ActivatableServicesChanged
WARNING: Unhandled message: interface=org.freedesktop.DBus, path=/org/freedesktop/DBus, member=ActivatableServicesChanged
Jan 28 22:53 : player: played "Solo - RiveR  .mp3"
Jan 29 04:32 : player: played "Solo - RiveR  .mp3"
Jan 29 20:09 : player: played "Solo - RiveR  .mp3"
WARNING: Unhandled message: interface=org.freedesktop.DBus, path=/org/freedesktop/DBus, member=ActivatableServicesChanged
WARNING: Unhandled message: interface=org.freedesktop.DBus, path=/org/freedesktop/DBus, member=ActivatableServicesChanged
WARNING: Unhandled message: interface=org.freedesktop.DBus, path=/org/freedesktop/DBus, member=ActivatableServicesChanged
WARNING: Unhandled message: interface=org.freedesktop.DBus, path=/org/freedesktop/DBus, member=ActivatableServicesChanged
WARNING: Unhandled message: interface=org.freedesktop.DBus, path=/org/freedesktop/DBus, member=ActivatableServicesChanged
WARNING: Unhandled message: interface=org.freedesktop.DBus, path=/org/freedesktop/DBus, member=ActivatableServicesChanged
WARNING: Unhandled message: interface=org.freedesktop.DBus, path=/org/freedesktop/DBus, member=ActivatableServicesChanged
WARNING: Unhandled message: interface=org.freedesktop.DBus, path=/org/freedesktop/DBus, member=ActivatableServicesChanged
WARNING: Unhandled message: interface=org.freedesktop.DBus, path=/org/freedesktop/DBus, member=ActivatableServicesChanged
Jan 31 03:06 : player: played "Solo - RiveR  .mp3"
Jan 31 15:52 : player: played "Love Is The Name Of The Game.mp3"
Jan 31 22:40 : player: played "Love Is The Name Of The Game.mp3"
Feb 01 04:14 : player: played "Love Is The Name Of The Game.mp3"
Feb 01 17:12 : player: played "Love Is The Name Of The Game.mp3"
Feb 01 18:56 : player: played "Love Is The Name Of The Game.mp3"
Feb 02 01:15 : player: played "Solo - RiveR  .mp3"
WARNING: Unhandled message: interface=org.freedesktop.DBus, path=/org/freedesktop/DBus, member=ActivatableServicesChanged
WARNING: Unhandled message: interface=org.freedesktop.DBus, path=/org/freedesktop/DBus, member=ActivatableServicesChanged
WARNING: Unhandled message: interface=org.freedesktop.DBus, path=/org/freedesktop/DBus, member=ActivatableServicesChanged
Feb 02 04:10 : player: played "Solo - RiveR  .mp3"
WARNING: Unhandled message: interface=org.freedesktop.DBus, path=/org/freedesktop/DBus, member=ActivatableServicesChanged
WARNING: Unhandled message: interface=org.freedesktop.DBus, path=/org/freedesktop/DBus, member=ActivatableServicesChanged
WARNING: Unhandled message: interface=org.freedesktop.DBus, path=/org/freedesktop/DBus, member=ActivatableServicesChanged
Feb 02 15:57 : player: played "Solo - RiveR  .mp3"
Feb 02 20:04 : player: played "Solo - RiveR  .mp3"
WARNING: Unhandled message: interface=org.freedesktop.DBus, path=/org/freedesktop/DBus, member=ActivatableServicesChanged
WARNING: Unhandled message: interface=org.freedesktop.DBus, path=/org/freedesktop/DBus, member=ActivatableServicesChanged
WARNING: Unhandled message: interface=org.freedesktop.DBus, path=/org/freedesktop/DBus, member=ActivatableServicesChanged
WARNING: Unhandled message: interface=org.freedesktop.DBus, path=/org/freedesktop/DBus, member=ActivatableServicesChanged
WARNING: Unhandled message: interface=org.freedesktop.DBus, path=/org/freedesktop/DBus, member=ActivatableServicesChanged
WARNING: Unhandled message: interface=org.freedesktop.DBus, path=/org/freedesktop/DBus, member=ActivatableServicesChanged
WARNING: Unhandled message: interface=org.freedesktop.DBus, path=/org/freedesktop/DBus, member=ActivatableServicesChanged
WARNING: Unhandled message: interface=org.freedesktop.DBus, path=/org/freedesktop/DBus, member=ActivatableServicesChanged
Feb 03 02:34 : player: played "Solo - RiveR  .mp3"
Feb 03 21:03 : player: played "Solo - RiveR  .mp3"
Feb 04 00:27 : player: played "Solo - RiveR  .mp3"
Feb 04 03:12 : player: played "Solo - RiveR  .mp3"
Feb 04 03:16 : player: played "Solo - RiveR  .mp3"
Feb 04 05:26 : player: played "Solo - RiveR  .mp3"
Feb 04 16:26 : player: played "Solo - RiveR  .mp3"
Feb 04 21:41 : player: played "Solo - RiveR  .mp3"
Feb 04 23:51 : player: played "Solo - RiveR  .mp3"
Feb 05 03:57 : player: played "Solo - RiveR  .mp3"
Feb 05 16:45 : player: played "Solo - RiveR  .mp3"
Feb 05 22:07 : player: played "Solo - RiveR  .mp3"
WARNING: Unhandled message: interface=org.freedesktop.DBus, path=/org/freedesktop/DBus, member=ActivatableServicesChanged
WARNING: Unhandled message: interface=org.freedesktop.DBus, path=/org/freedesktop/DBus, member=ActivatableServicesChanged
WARNING: Unhandled message: interface=org.freedesktop.DBus, path=/org/freedesktop/DBus, member=ActivatableServicesChanged
WARNING: Unhandled message: interface=org.freedesktop.DBus, path=/org/freedesktop/DBus, member=ActivatableServicesChanged
Feb 06 06:05 : player: played "Solo - RiveR  .mp3"
WARNING: Unhandled message: interface=org.freedesktop.DBus, path=/org/freedesktop/DBus, member=ActivatableServicesChanged
WARNING: Unhandled message: interface=org.freedesktop.DBus, path=/org/freedesktop/DBus, member=ActivatableServicesChanged
WARNING: Unhandled message: interface=org.freedesktop.DBus, path=/org/freedesktop/DBus, member=ActivatableServicesChanged
Feb 07 02:48 : player: played "Solo - RiveR  .mp3"
Feb 07 07:02 : player: played "Solo - RiveR  .mp3"
WARNING: Unhandled message: interface=org.freedesktop.DBus, path=/org/freedesktop/DBus, member=ActivatableServicesChanged
WARNING: Unhandled message: interface=org.freedesktop.DBus, path=/org/freedesktop/DBus, member=ActivatableServicesChanged
WARNING: Unhandled message: interface=org.freedesktop.DBus, path=/org/freedesktop/DBus, member=ActivatableServicesChanged
Feb 08 10:00 : player: played "Solo - RiveR  .mp3"
Feb 08 22:30 : player: played "Solo - RiveR  .mp3"
Feb 09 05:10 : player: played "Love Is The Name Of The Game.mp3"
Feb 09 05:14 : player: played "Love Is The Name Of The Game.mp3"
Feb 09 11:12 : player: played "Love Is The Name Of The Game.mp3"
Feb 10 05:31 : player: played "Love Is The Name Of The Game.mp3"
Feb 10 15:31 : player: played "Love Is The Name Of The Game.mp3"
WARNING: Unhandled message: interface=org.freedesktop.DBus, path=/org/freedesktop/DBus, member=ActivatableServicesChanged
WARNING: Unhandled message: interface=org.freedesktop.DBus, path=/org/freedesktop/DBus, member=ActivatableServicesChanged
WARNING: Unhandled message: interface=org.freedesktop.DBus, path=/org/freedesktop/DBus, member=ActivatableServicesChanged
Feb 10 17:37 : player: played "Love Is The Name Of The Game.mp3"
Feb 10 23:52 : player: played "Love Is The Name Of The Game.mp3"
Feb 11 13:47 : player: played "Love Is The Name Of The Game.mp3"
Feb 12 00:01 : player: played "Love Is The Name Of The Game.mp3"
Feb 12 07:33 : player: played "Love Is The Name Of The Game.mp3"
Feb 12 21:03 : player: played "Love Is The Name Of The Game.mp3"
Feb 13 00:49 : player: played "Love Is The Name Of The Game.mp3"
Feb 13 00:53 : player: played "Love Is The Name Of The Game.mp3"
Feb 13 00:57 : player: played "Love Is The Name Of The Game.mp3"
Feb 13 01:00 : player: played "Love Is The Name Of The Game.mp3"
Feb 13 01:04 : player: played "Love Is The Name Of The Game.mp3"
Feb 13 01:07 : player: played "Love Is The Name Of The Game.mp3"
Feb 13 01:11 : player: played "Love Is The Name Of The Game.mp3"
Feb 13 01:15 : player: played "Love Is The Name Of The Game.mp3"
Feb 13 01:18 : player: played "Love Is The Name Of The Game.mp3"
Feb 13 04:10 : player: played "Madonna - La Isla Bonita.mp3"
Feb 13 04:14 : player: played "Madonna - La Isla Bonita.mp3"
Feb 13 04:18 : player: played "Madonna - La Isla Bonita.mp3"
Feb 13 04:22 : player: played "Madonna - La Isla Bonita.mp3"
Feb 13 04:26 : player: played "Madonna - La Isla Bonita.mp3"
Feb 13 04:30 : player: played "Madonna - La Isla Bonita.mp3"
Feb 13 04:34 : player: played "Madonna - La Isla Bonita.mp3"
Feb 13 04:38 : player: played "Madonna - La Isla Bonita.mp3"
Feb 13 04:42 : player: played "Madonna - La Isla Bonita.mp3"
Feb 13 04:46 : player: played "Madonna - La Isla Bonita.mp3"
WARNING: Unhandled message: interface=org.freedesktop.DBus, path=/org/freedesktop/DBus, member=ActivatableServicesChanged
WARNING: Unhandled message: interface=org.freedesktop.DBus, path=/org/freedesktop/DBus, member=ActivatableServicesChanged
WARNING: Unhandled message: interface=org.freedesktop.DBus, path=/org/freedesktop/DBus, member=ActivatableServicesChanged
WARNING: Unhandled message: interface=org.freedesktop.DBus, path=/org/freedesktop/DBus, member=ActivatableServicesChanged
WARNING: Unhandled message: interface=org.freedesktop.DBus, path=/org/freedesktop/DBus, member=ActivatableServicesChanged
Feb 13 10:40 : player: played "Madonna - La Isla Bonita.mp3"
Feb 14 11:29 : player: played "Madonna - La Isla Bonita.mp3"
Feb 14 16:57 : player: played "Madonna - La Isla Bonita.mp3"
WARNING: Unhandled message: interface=org.freedesktop.DBus, path=/org/freedesktop/DBus, member=ActivatableServicesChanged
WARNING: Unhandled message: interface=org.freedesktop.DBus, path=/org/freedesktop/DBus, member=ActivatableServicesChanged
WARNING: Unhandled message: interface=org.freedesktop.DBus, path=/org/freedesktop/DBus, member=ActivatableServicesChanged
Feb 14 23:41 : player: played "Madonna - La Isla Bonita.mp3"
Feb 15 04:06 : player: played "Madonna - La Isla Bonita.mp3"
Feb 15 06:43 : player: played "Madonna - La Isla Bonita.mp3"
Feb 16 00:57 : player: played "Madonna - La Isla Bonita.mp3"
Feb 16 07:53 : player: played "Madonna - La Isla Bonita.mp3"
Feb 16 07:56 : player: played "Madonna - La Isla Bonita.mp3"
Feb 16 12:17 : player: played "Madonna - La Isla Bonita.mp3"
Feb 16 22:10 : player: played "Madonna - La Isla Bonita.mp3"
Feb 17 06:54 : player: played "Madonna - La Isla Bonita.mp3"
Feb 17 19:32 : exception: Failed to open /home/ozil/.mpd/playlists: No such file or directory
Feb 17 19:32 : update: added /Tobu  Back To You.mp3
Feb 17 19:32 : update: added /Alexandra Stan   Boy Oh Boy Official Video.mp3
Feb 17 19:32 : exception: Failed to open /home/ozil/.mpd/playlists: No such file or directory
Feb 17 19:32 : update: updating /Alexandra Stan   Boy Oh Boy Official Video.mp3
Feb 17 19:33 : update: updating /Tobu  Back To You.mp3
Feb 17 19:33 : player: played "Madonna - La Isla Bonita.mp3"
Feb 17 19:33 : exception: Failed to open /home/ozil/.mpd/playlists: No such file or directory
Feb 17 19:34 : player: played "Alexandra Stan   Boy Oh Boy Official Video.mp3"
Feb 18 01:14 : player: played "Alexandra Stan   Boy Oh Boy Official Video.mp3"
Feb 18 11:16 : player: played "Alexandra Stan   Boy Oh Boy Official Video.mp3"
Feb 18 11:19 : player: played "Alexandra Stan   Boy Oh Boy Official Video.mp3"
Feb 18 11:24 : player: played "warriyo-mortals-RGjIYW6EBO.mp3"
Feb 18 11:28 : player: played "warriyo-mortals-RGjIYW6EBO.mp3"
WARNING: Unhandled message: interface=org.freedesktop.DBus, path=/org/freedesktop/DBus, member=ActivatableServicesChanged
WARNING: Unhandled message: interface=org.freedesktop.DBus, path=/org/freedesktop/DBus, member=ActivatableServicesChanged
WARNING: Unhandled message: interface=org.freedesktop.DBus, path=/org/freedesktop/DBus, member=ActivatableServicesChanged
WARNING: Unhandled message: interface=org.freedesktop.DBus, path=/org/freedesktop/DBus, member=ActivatableServicesChanged
WARNING: Unhandled message: interface=org.freedesktop.DBus, path=/org/freedesktop/DBus, member=ActivatableServicesChanged
WARNING: Unhandled message: interface=org.freedesktop.DBus, path=/org/freedesktop/DBus, member=ActivatableServicesChanged
WARNING: Unhandled message: interface=org.freedesktop.DBus, path=/org/freedesktop/DBus, member=ActivatableServicesChanged
WARNING: Unhandled message: interface=org.freedesktop.DBus, path=/org/freedesktop/DBus, member=ActivatableServicesChanged
WARNING: Unhandled message: interface=org.freedesktop.DBus, path=/org/freedesktop/DBus, member=ActivatableServicesChanged
WARNING: Unhandled message: interface=org.freedesktop.DBus, path=/org/freedesktop/DBus, member=ActivatableServicesChanged
Feb 18 12:31 : player: played "warriyo-mortals-RGjIYW6EBO.mp3"
Feb 18 19:24 : player: played "warriyo-mortals-RGjIYW6EBO.mp3"
Feb 19 04:57 : player: played "warriyo-mortals-RGjIYW6EBO.mp3"
Feb 19 19:20 : player: played "warriyo-mortals-RGjIYW6EBO.mp3"
Feb 20 03:29 : player: played "warriyo-mortals-RGjIYW6EBO.mp3"
Feb 20 09:20 : player: played "warriyo-mortals-RGjIYW6EBO.mp3"
WARNING: Unhandled message: interface=org.freedesktop.DBus, path=/org/freedesktop/DBus, member=ActivatableServicesChanged
WARNING: Unhandled message: interface=org.freedesktop.DBus, path=/org/freedesktop/DBus, member=ActivatableServicesChanged
WARNING: Unhandled message: interface=org.freedesktop.DBus, path=/org/freedesktop/DBus, member=ActivatableServicesChanged
WARNING: Unhandled message: interface=org.freedesktop.DBus, path=/org/freedesktop/DBus, member=ActivatableServicesChanged
WARNING: Unhandled message: interface=org.freedesktop.DBus, path=/org/freedesktop/DBus, member=ActivatableServicesChanged
WARNING: Unhandled message: interface=org.freedesktop.DBus, path=/org/freedesktop/DBus, member=ActivatableServicesChanged
Feb 21 11:41 : player: played "Tobu  Back To You.mp3"
Feb 21 23:45 : player: played "Tobu  Back To You.mp3"
Feb 22 03:54 : player: played "Tobu  Back To You.mp3"
Feb 22 08:47 : player: played "Tobu  Back To You.mp3"
WARNING: Unhandled message: interface=org.freedesktop.DBus, path=/org/freedesktop/DBus, member=ActivatableServicesChanged
WARNING: Unhandled message: interface=org.freedesktop.DBus, path=/org/freedesktop/DBus, member=ActivatableServicesChanged
WARNING: Unhandled message: interface=org.freedesktop.DBus, path=/org/freedesktop/DBus, member=ActivatableServicesChanged
Feb 23 00:23 : player: played "Tobu  Back To You.mp3"
Feb 23 05:22 : player: played "Tobu  Back To You.mp3"
Feb 23 14:38 : player: played "Tobu  Back To You.mp3"
Feb 23 14:40 : exception: Failed to open /home/ozil/.mpd/playlists: No such file or directory
Feb 23 14:40 : update: removing JeffreyBezos.mp3
Feb 23 14:40 : update: removing Masked Wolf  - Astronaut in the Ocean .mp3
Feb 23 14:40 : update: removing Maneskin_Beggin.mp3
Feb 23 14:40 : exception: Failed to open /home/ozil/.mpd/playlists: No such file or directory
Feb 23 14:46 : player: played "Tobu  Back To You.mp3"
Feb 23 14:49 : player: played "Tobu  Back To You.mp3"
Feb 23 14:53 : player: played "Tobu  Back To You.mp3"
Feb 23 14:56 : player: played "Tobu  Back To You.mp3"
WARNING: Unhandled message: interface=org.freedesktop.DBus, path=/org/freedesktop/DBus, member=ActivatableServicesChanged
WARNING: Unhandled message: interface=org.freedesktop.DBus, path=/org/freedesktop/DBus, member=ActivatableServicesChanged
WARNING: Unhandled message: interface=org.freedesktop.DBus, path=/org/freedesktop/DBus, member=ActivatableServicesChanged
WARNING: Unhandled message: interface=org.freedesktop.DBus, path=/org/freedesktop/DBus, member=ActivatableServicesChanged
WARNING: Unhandled message: interface=org.freedesktop.DBus, path=/org/freedesktop/DBus, member=ActivatableServicesChanged
WARNING: Unhandled message: interface=org.freedesktop.DBus, path=/org/freedesktop/DBus, member=ActivatableServicesChanged
WARNING: Unhandled message: interface=org.freedesktop.DBus, path=/org/freedesktop/DBus, member=ActivatableServicesChanged
Feb 23 17:54 : player: played "Tobu  Back To You.mp3"
Feb 24 04:57 : player: played "Tobu  Back To You.mp3"
Feb 24 10:39 : player: played "Tobu  Back To You.mp3"
Feb 24 10:40 : exception: Failed to open /home/ozil/.mpd/playlists: No such file or directory
Feb 24 10:40 : update: added /Hungry Eyes.mp3
Feb 24 10:40 : exception: Failed to open /home/ozil/.mpd/playlists: No such file or directory
Feb 24 10:40 : update: updating /Hungry Eyes.mp3
